#
# A fatal error has been detected by the Java Runtime Environment:
#
#  EXCEPTION_ACCESS_VIOLATION (0xc0000005) at pc=0x00007ffd35d7c1a6, pid=23324, tid=17392
#
# JRE version: OpenJDK Runtime Environment Temurin-21.0.3+9 (21.0.3+9) (build 21.0.3+9-LTS)
# Java VM: OpenJDK 64-Bit Server VM Temurin-21.0.3+9 (21.0.3+9-LTS, mixed mode, emulated-client, tiered, compressed oops, compressed class ptrs, g1 gc, windows-amd64)
# Problematic frame:
# V  [jvm.dll+0xc1a6]
#
# No core dump will be written. Minidumps are not enabled by default on client versions of Windows
#
# If you would like to submit a bug report, please visit:
#   https://github.com/adoptium/adoptium-support/issues
#

---------------  S U M M A R Y ------------

Command Line: -XX:+ShowCodeDetailsInExceptionMessages -agentlib:jdwp=transport=dt_socket,suspend=y,address=localhost:57481 -Dcom.sun.management.jmxremote -Dcom.sun.management.jmxremote.port=57480 -Dcom.sun.management.jmxremote.authenticate=false -Dcom.sun.management.jmxremote.ssl=false -Djava.rmi.server.hostname=localhost -Dspring.jmx.enabled=true -Dmanagement.endpoints.jmx.exposure.include=* -Dspring.application.admin.enabled=true -XX:TieredStopAtLevel=1 -Dspring.boot.project.name=mysite_17th -javaagent:C:\Users\GREEN\Downloads\sts-4.24.0.RELEASE\configuration\org.eclipse.osgi\270\0\.cp\lib\javaagent-shaded.jar -Dfile.encoding=UTF-8 -Dstdout.encoding=UTF-8 -Dstderr.encoding=UTF-8 com.study.mysite.Mysite17thApplication --spring.output.ansi.enabled=always

Host: Intel(R) Core(TM) i5-10400 CPU @ 2.90GHz, 12 cores, 15G,  Windows 10 , 64 bit Build 19041 (10.0.19041.4597)
Time: Mon Aug 19 14:58:50 2024  Windows 10 , 64 bit Build 19041 (10.0.19041.4597) elapsed time: 801.086034 seconds (0d 0h 13m 21s)

---------------  T H R E A D  ---------------

Current thread (0x00000250979eed50):  WorkerThread "GC Thread#8"    [id=17392, stack(0x0000008601900000,0x0000008601a00000) (1024K)]

Stack: [0x0000008601900000,0x0000008601a00000],  sp=0x00000086019fe2e8,  free space=1016k
Native frames: (J=compiled Java code, j=interpreted, Vv=VM code, C=native code)
V  [jvm.dll+0xc1a6]

JavaThread 0x00000250982097f0 (nid = 20980) was being processed
Java frames: (J=compiled Java code, j=interpreted, Vv=VM code)
j  java.lang.invoke.DirectMethodHandle$Holder.newInvokeSpecial(Ljava/lang/Object;Ljava/lang/Object;Ljava/lang/Object;)Ljava/lang/Object;+19 java.base@21.0.3
j  java.lang.invoke.LambdaForm$MH+0x0000000800205000.invoke(Ljava/lang/Object;Ljava/lang/Object;Ljava/lang/Object;)Ljava/lang/Object;+52 java.base@21.0.3
J 898 c1 jdk.internal.reflect.DirectConstructorHandleAccessor.newInstance([Ljava/lang/Object;)Ljava/lang/Object; java.base@21.0.3 (130 bytes) @ 0x0000025087e068e4 [0x0000025087e06660+0x0000000000000284]
J 897 c1 java.lang.reflect.Constructor.newInstanceWithCaller([Ljava/lang/Object;ZLjava/lang/Class;)Ljava/lang/Object; java.base@21.0.3 (51 bytes) @ 0x0000025087e0333c [0x0000025087e03260+0x00000000000000dc]
J 3652 c1 org.springframework.beans.BeanUtils.instantiateClass(Ljava/lang/reflect/Constructor;[Ljava/lang/Object;)Ljava/lang/Object; (208 bytes) @ 0x000002508844600c [0x0000025088445b00+0x000000000000050c]
j  org.springframework.beans.factory.support.SimpleInstantiationStrategy.instantiate(Lorg/springframework/beans/factory/support/RootBeanDefinition;Ljava/lang/String;Lorg/springframework/beans/factory/BeanFactory;Ljava/lang/reflect/Constructor;[Ljava/lang/Object;)Ljava/lang/Object;+11
j  org.springframework.beans.factory.support.ConstructorResolver.instantiate(Ljava/lang/String;Lorg/springframework/beans/factory/support/RootBeanDefinition;Ljava/lang/reflect/Constructor;[Ljava/lang/Object;)Ljava/lang/Object;+20
j  org.springframework.beans.factory.support.ConstructorResolver.autowireConstructor(Ljava/lang/String;Lorg/springframework/beans/factory/support/RootBeanDefinition;[Ljava/lang/reflect/Constructor;[Ljava/lang/Object;)Lorg/springframework/beans/BeanWrapper;+900
j  org.springframework.beans.factory.support.AbstractAutowireCapableBeanFactory.autowireConstructor(Ljava/lang/String;Lorg/springframework/beans/factory/support/RootBeanDefinition;[Ljava/lang/reflect/Constructor;[Ljava/lang/Object;)Lorg/springframework/beans/BeanWrapper;+13
j  org.springframework.beans.factory.support.AbstractAutowireCapableBeanFactory.createBeanInstance(Ljava/lang/String;Lorg/springframework/beans/factory/support/RootBeanDefinition;[Ljava/lang/Object;)Lorg/springframework/beans/BeanWrapper;+213
j  org.springframework.beans.factory.support.AbstractAutowireCapableBeanFactory.doCreateBean(Ljava/lang/String;Lorg/springframework/beans/factory/support/RootBeanDefinition;[Ljava/lang/Object;)Ljava/lang/Object;+34
j  org.springframework.beans.factory.support.AbstractAutowireCapableBeanFactory.createBean(Ljava/lang/String;Lorg/springframework/beans/factory/support/RootBeanDefinition;[Ljava/lang/Object;)Ljava/lang/Object;+153
j  org.springframework.beans.factory.support.AbstractBeanFactory.lambda$doGetBean$0(Ljava/lang/String;Lorg/springframework/beans/factory/support/RootBeanDefinition;[Ljava/lang/Object;)Ljava/lang/Object;+4
j  org.springframework.beans.factory.support.AbstractBeanFactory$$Lambda+0x00000008003dbaa0.getObject()Ljava/lang/Object;+16
j  org.springframework.beans.factory.support.DefaultSingletonBeanRegistry.getSingleton(Ljava/lang/String;Lorg/springframework/beans/factory/ObjectFactory;)Ljava/lang/Object;+114
J 3464 c1 org.springframework.beans.factory.support.AbstractBeanFactory.doGetBean(Ljava/lang/String;Ljava/lang/Class;[Ljava/lang/Object;Z)Ljava/lang/Object; (787 bytes) @ 0x00000250883ea834 [0x00000250883ea1c0+0x0000000000000674]
j  org.springframework.beans.factory.support.AbstractBeanFactory.getBean(Ljava/lang/String;)Ljava/lang/Object;+5
j  org.springframework.beans.factory.support.DefaultListableBeanFactory.preInstantiateSingletons()V+152
j  org.springframework.context.support.AbstractApplicationContext.finishBeanFactoryInitialization(Lorg/springframework/beans/factory/config/ConfigurableListableBeanFactory;)V+173
j  org.springframework.context.support.AbstractApplicationContext.refresh()V+94
j  org.springframework.boot.web.servlet.context.ServletWebServerApplicationContext.refresh()V+1
j  org.springframework.boot.SpringApplication.refresh(Lorg/springframework/context/ConfigurableApplicationContext;)V+1
j  org.springframework.boot.SpringApplication.refreshContext(Lorg/springframework/context/ConfigurableApplicationContext;)V+16
j  org.springframework.boot.SpringApplication.run([Ljava/lang/String;)Lorg/springframework/context/ConfigurableApplicationContext;+110
j  org.springframework.boot.SpringApplication.run([Ljava/lang/Class;[Ljava/lang/String;)Lorg/springframework/context/ConfigurableApplicationContext;+9
j  org.springframework.boot.SpringApplication.run(Ljava/lang/Class;[Ljava/lang/String;)Lorg/springframework/context/ConfigurableApplicationContext;+9
j  com.study.mysite.Mysite17thApplication.main([Ljava/lang/String;)V+3
j  java.lang.invoke.LambdaForm$DMH+0x00000008000c4c00.invokeStatic(Ljava/lang/Object;Ljava/lang/Object;)V+10 java.base@21.0.3
j  java.lang.invoke.LambdaForm$MH+0x0000000800211000.invoke(Ljava/lang/Object;Ljava/lang/Object;Ljava/lang/Object;)Ljava/lang/Object;+33 java.base@21.0.3
j  java.lang.invoke.Invokers$Holder.invokeExact_MT(Ljava/lang/Object;Ljava/lang/Object;Ljava/lang/Object;Ljava/lang/Object;)Ljava/lang/Object;+20 java.base@21.0.3
j  jdk.internal.reflect.DirectMethodHandleAccessor.invokeImpl(Ljava/lang/Object;[Ljava/lang/Object;)Ljava/lang/Object;+55 java.base@21.0.3
j  jdk.internal.reflect.DirectMethodHandleAccessor.invoke(Ljava/lang/Object;[Ljava/lang/Object;)Ljava/lang/Object;+23 java.base@21.0.3
j  java.lang.reflect.Method.invoke(Ljava/lang/Object;[Ljava/lang/Object;)Ljava/lang/Object;+102 java.base@21.0.3
j  org.springframework.boot.devtools.restart.RestartLauncher.run()V+47
v  ~StubRoutines::call_stub 0x0000025087af100d

siginfo: EXCEPTION_ACCESS_VIOLATION (0xc0000005), reading address 0x00000008933eebeb


Registers:
RAX=0x0000000000000000, RBX=0x0000000000000006, RCX=0x0000008601ffdd70, RDX=0x0000008601ffdd70
RSP=0x00000086019fe2e8, RBP=0x00000086019fe4c0, RSI=0x00000086019fe690, RDI=0x0000008601ffdd70
R8 =0x00000008933eebe3, R9 =0x0000008601ffdd70, R10=0x0000025087af0000, R11=0x00000086019fe538
R12=0x0000025092d0de38, R13=0x0000008601ffdd70, R14=0x0000025099b45140, R15=0x00000008933eebe3
RIP=0x00007ffd35d7c1a6, EFLAGS=0x0000000000010202


Register to memory mapping:

RAX=0x0 is null
RBX=0x0000000000000006 is an unknown value
RCX=0x0000008601ffdd70 is pointing into the stack for thread: 0x00000250982097f0
RDX=0x0000008601ffdd70 is pointing into the stack for thread: 0x00000250982097f0
RSP=0x00000086019fe2e8 points into unknown readable memory: 0x00007ffd360c440b | 0b 44 0c 36 fd 7f 00 00
RBP=0x00000086019fe4c0 points into unknown readable memory: 0x0000025000000000 | 00 00 00 00 50 02 00 00
RSI=0x00000086019fe690 points into unknown readable memory: 0x0000008601ffdd58 | 58 dd ff 01 86 00 00 00
RDI=0x0000008601ffdd70 is pointing into the stack for thread: 0x00000250982097f0
R8 =0x00000008933eebe3 is an unknown value
R9 =0x0000008601ffdd70 is pointing into the stack for thread: 0x00000250982097f0
R10=0x0000025087af0000 points into unknown readable memory: 0x0000000000000006 | 06 00 00 00 00 00 00 00
R11=0x00000086019fe538 points into unknown readable memory: 0x00007ffd360829ad | ad 29 08 36 fd 7f 00 00
R12=0x0000025092d0de38 points into unknown readable memory: 0x4c2800567e94ffff | ff ff 94 7e 56 00 28 4c
R13=0x0000008601ffdd70 is pointing into the stack for thread: 0x00000250982097f0
R14=0x0000025099b45140 points into unknown readable memory: 0x00007ffd36791878 | 78 18 79 36 fd 7f 00 00
R15=0x00000008933eebe3 is an unknown value

Top of Stack: (sp=0x00000086019fe2e8)
0x00000086019fe2e8:   00007ffd360c440b 0000003453d94c19
0x00000086019fe2f8:   00007ffd36407013 000000000000012f
0x00000086019fe308:   00007ffd364272ef 000000000000012f
0x00000086019fe318:   0000000000000013 00000250979a2d58
0x00000086019fe328:   00007ffd365016c1 000000000000a855
0x00000086019fe338:   0000000000000008 0000025099801b08
0x00000086019fe348:   0000000000000000 00000250979b28f0
0x00000086019fe358:   00000250979a2970 0000025092d0de38
0x00000086019fe368:   0000008601ffdd70 00000086019fe690
0x00000086019fe378:   00000086019fe4c0 0000025099801b08
0x00000086019fe388:   00007ffd360d2a14 00000086019fe450
0x00000086019fe398:   00000086019fe690 00000250929c04b8
0x00000086019fe3a8:   0000000000000000 0000025099801b08
0x00000086019fe3b8:   00007ffd36082f5b 0000000000000003
0x00000086019fe3c8:   00000250933eebf0 0000025099801b08
0x00000086019fe3d8:   00000086019fe690 0000001387fe3501
0x00000086019fe3e8:   00000250933eebf0 00000250979eed50
0x00000086019fe3f8:   0000025000000005 00000000000003d8
0x00000086019fe408:   00000250979a2980 00000250979a2d58
0x00000086019fe418:   00000250933eebe3 00000250000000b8
0x00000086019fe428:   00000250933eebf0 00007ffd36788fa0
0x00000086019fe438:   00000086019fe690 0000025099801b08
0x00000086019fe448:   0000000400000003 0000025092d0de38
0x00000086019fe458:   0000001300000001 0000000000000056
0x00000086019fe468:   000000010000000c 00000250929c04b8
0x00000086019fe478:   0000000000000000 0000025087fe3590
0x00000086019fe488:   00002bc6f6336525 00007ffd365c4c70
0x00000086019fe498:   00000086019fe520 00000000000003d8
0x00000086019fe4a8:   00000250979a2d58 000002509304da60
0x00000086019fe4b8:   0000000687fe0013 0000025000000000
0x00000086019fe4c8:   0000000000000015 0000025099801b08
0x00000086019fe4d8:   00007ffd360d2a6e 0000000000000000 

Instructions: (pc=0x00007ffd35d7c1a6)
0x00007ffd35d7c0a6:   48 8b 05 c3 32 cc 00 48 8b 48 60 48 8b 04 d1 48
0x00007ffd35d7c0b6:   85 c0 75 08 48 8b 05 b7 32 cc 00 c3 48 8b 05 a7
0x00007ffd35d7c0c6:   32 cc 00 c3 cc cc cc cc cc cc 8b 05 e2 0e c1 00
0x00007ffd35d7c0d6:   c3 cc cc cc cc cc cc cc cc cc 0f b6 05 33 25 c1
0x00007ffd35d7c0e6:   00 48 8b d1 84 c0 74 16 44 8b 41 08 8b 0d c0 0e
0x00007ffd35d7c0f6:   c1 00 49 d3 e0 4c 03 05 ae 0e c1 00 eb 04 4c 8b
0x00007ffd35d7c106:   41 08 45 8b 48 08 45 85 c9 7e 0e 41 f6 c1 01 75
0x00007ffd35d7c116:   53 41 c1 f9 03 49 63 c1 c3 79 49 84 c0 41 b8 0c
0x00007ffd35d7c126:   00 00 00 8b 05 f9 1f c1 00 b9 10 00 00 00 41 0f
0x00007ffd35d7c136:   45 c8 ff c8 4c 63 c0 41 8b c1 48 c1 f8 10 0f b6
0x00007ffd35d7c146:   c0 48 63 14 11 41 8b c9 83 e1 3f 48 d3 e2 49 8d
0x00007ffd35d7c156:   0c 10 49 f7 d0 48 03 c1 49 c1 e8 03 48 c1 e8 03
0x00007ffd35d7c166:   49 23 c0 c3 49 8b 00 49 8b c8 48 ff a0 00 01 00
0x00007ffd35d7c176:   00 cc cc cc cc cc cc cc cc cc 8b 44 24 30 45 03
0x00007ffd35d7c186:   c9 44 2b 4c 24 28 83 c0 0b 44 03 ca 45 03 c8 41
0x00007ffd35d7c196:   03 c1 c3 cc cc cc cc cc cc cc 4c 8b c2 48 8b d1
0x00007ffd35d7c1a6:   45 8b 48 08 45 85 c9 7e 0e 41 f6 c1 01 75 56 41
0x00007ffd35d7c1b6:   c1 f9 03 49 63 c1 c3 79 4c 80 3d 54 24 c1 00 00
0x00007ffd35d7c1c6:   b8 0c 00 00 00 b9 10 00 00 00 0f 45 c8 8b 05 4f
0x00007ffd35d7c1d6:   1f c1 00 ff c8 4c 63 c0 41 8b c1 48 c1 f8 10 48
0x00007ffd35d7c1e6:   63 14 11 41 8b c9 83 e1 3f 0f b6 c0 48 d3 e2 49
0x00007ffd35d7c1f6:   8d 0c 10 49 f7 d0 48 03 c1 49 c1 e8 03 48 c1 e8
0x00007ffd35d7c206:   03 49 23 c0 c3 49 8b 00 49 8b c8 48 ff a0 00 01
0x00007ffd35d7c216:   00 00 cc cc cc cc cc cc cc cc 48 8b 41 08 0f b7
0x00007ffd35d7c226:   48 2c 0f b7 40 2a 83 c0 48 03 c1 c3 cc cc cc cc
0x00007ffd35d7c236:   cc cc cc cc cc cc cc cc cc cc 48 89 5c 24 08 57
0x00007ffd35d7c246:   48 83 ec 20 0f b6 05 6f 1a cc 00 48 8b fa 48 8b
0x00007ffd35d7c256:   d9 84 c0 74 4f 48 85 15 16 12 cc 00 74 38 48 8b
0x00007ffd35d7c266:   ca e8 a4 6b 8c 00 48 8b d0 48 85 db 74 25 48 85
0x00007ffd35d7c276:   c0 74 20 48 8b c7 f0 48 0f b1 13 74 16 48 85 05
0x00007ffd35d7c286:   ee 11 cc 00 74 0d 48 8b c8 f0 48 0f b1 13 48 3b
0x00007ffd35d7c296:   c1 75 ea 48 8b fa 48 8b c7 48 8b 5c 24 30 48 83 


Stack slot to memory mapping:

stack at sp + 0 slots: 0x00007ffd360c440b jvm.dll
stack at sp + 1 slots: 0x0000003453d94c19 is an unknown value
stack at sp + 2 slots: 0x00007ffd36407013 jvm.dll
stack at sp + 3 slots: 0x000000000000012f is an unknown value
stack at sp + 4 slots: 0x00007ffd364272ef jvm.dll
stack at sp + 5 slots: 0x000000000000012f is an unknown value
stack at sp + 6 slots: 0x0000000000000013 is an unknown value
stack at sp + 7 slots: 0x00000250979a2d58 points into unknown readable memory: 0x88000a00fdfef827 | 27 f8 fe fd 00 0a 00 88


---------------  P R O C E S S  ---------------

Threads class SMR info:
_java_thread_list=0x000002509ab59550, length=28, elements={
0x0000025083ff85b0, 0x0000025092b8b9a0, 0x0000025092b8c560, 0x0000025092be0220,
0x0000025092bbea10, 0x0000025092bbf470, 0x0000025092bbfed0, 0x0000025092bb4e80,
0x0000025092aa1fb0, 0x0000025092e2a6a0, 0x0000025092e06660, 0x0000025092e2cd30,
0x00000250977da290, 0x0000025097a71350, 0x0000025097a7ab20, 0x0000025097a8ca90,
0x0000025097d7dba0, 0x00000250982097f0, 0x00000250983b0930, 0x00000250983b0fa0,
0x00000250983d6b50, 0x00000250983d64c0, 0x00000250983d7870, 0x00000250983d7f00,
0x00000250983d57a0, 0x00000250983d8590, 0x0000025099f1f0b0, 0x0000025099f21810
}

Java Threads: ( => current thread )
  0x0000025083ff85b0 JavaThread "main"                              [_thread_blocked, id=18712, stack(0x000000867fb00000,0x000000867fc00000) (1024K)]
  0x0000025092b8b9a0 JavaThread "Reference Handler"          daemon [_thread_blocked, id=18804, stack(0x0000008600300000,0x0000008600400000) (1024K)]
  0x0000025092b8c560 JavaThread "Finalizer"                  daemon [_thread_blocked, id=21628, stack(0x0000008600400000,0x0000008600500000) (1024K)]
  0x0000025092be0220 JavaThread "Signal Dispatcher"          daemon [_thread_blocked, id=20224, stack(0x0000008600500000,0x0000008600600000) (1024K)]
  0x0000025092bbea10 JavaThread "Attach Listener"            daemon [_thread_blocked, id=17804, stack(0x0000008600600000,0x0000008600700000) (1024K)]
  0x0000025092bbf470 JavaThread "Service Thread"             daemon [_thread_blocked, id=21472, stack(0x0000008600700000,0x0000008600800000) (1024K)]
  0x0000025092bbfed0 JavaThread "Monitor Deflation Thread"   daemon [_thread_blocked, id=6880, stack(0x0000008600800000,0x0000008600900000) (1024K)]
  0x0000025092bb4e80 JavaThread "C1 CompilerThread0"         daemon [_thread_blocked, id=20720, stack(0x0000008600900000,0x0000008600a00000) (1024K)]
  0x0000025092aa1fb0 JavaThread "Common-Cleaner"             daemon [_thread_blocked, id=12408, stack(0x0000008600a00000,0x0000008600b00000) (1024K)]
  0x0000025092e2a6a0 JavaThread "JDWP Transport Listener: dt_socket" daemon [_thread_blocked, id=7576, stack(0x0000008600c00000,0x0000008600d00000) (1024K)]
  0x0000025092e06660 JavaThread "JDWP Event Helper Thread"   daemon [_thread_blocked, id=9056, stack(0x0000008600d00000,0x0000008600e00000) (1024K)]
  0x0000025092e2cd30 JavaThread "JDWP Command Reader"        daemon [_thread_in_native, id=22532, stack(0x0000008600e00000,0x0000008600f00000) (1024K)]
  0x00000250977da290 JavaThread "Notification Thread"        daemon [_thread_blocked, id=18876, stack(0x0000008600f00000,0x0000008601000000) (1024K)]
  0x0000025097a71350 JavaThread "RMI TCP Accept-0"           daemon [_thread_in_native, id=21632, stack(0x0000008601a00000,0x0000008601b00000) (1024K)]
  0x0000025097a7ab20 JavaThread "RMI TCP Accept-57480"       daemon [_thread_in_native, id=23336, stack(0x0000008601b00000,0x0000008601c00000) (1024K)]
  0x0000025097a8ca90 JavaThread "RMI TCP Accept-0"           daemon [_thread_in_native, id=21488, stack(0x0000008601c00000,0x0000008601d00000) (1024K)]
  0x0000025097d7dba0 JavaThread "Thread-0"                          [_thread_blocked, id=21596, stack(0x0000008601e00000,0x0000008601f00000) (1024K)]
  0x00000250982097f0 JavaThread "restartedMain"                     [_thread_blocked, id=20980, stack(0x0000008601f00000,0x0000008602000000) (1024K)]
  0x00000250983b0930 JavaThread "RMI Scheduler(0)"           daemon [_thread_blocked, id=19088, stack(0x0000008602300000,0x0000008602400000) (1024K)]
  0x00000250983b0fa0 JavaThread "RMI TCP Connection(2)-127.0.0.1" daemon [_thread_blocked, id=17228, stack(0x0000008602400000,0x0000008602500000) (1024K)]
  0x00000250983d6b50 JavaThread "JMX server connection timeout 45" daemon [_thread_blocked, id=20784, stack(0x0000008602500000,0x0000008602600000) (1024K)]
  0x00000250983d64c0 JavaThread "MVStore background writer C:/Users/GREEN/local.mv.db" daemon [_thread_blocked, id=16048, stack(0x0000008602600000,0x0000008602700000) (1024K)]
  0x00000250983d7870 JavaThread "HikariPool-1 housekeeper"   daemon [_thread_blocked, id=23364, stack(0x0000008602700000,0x0000008602800000) (1024K)]
  0x00000250983d7f00 JavaThread "Catalina-utility-1"                [_thread_blocked, id=16368, stack(0x0000008602800000,0x0000008602900000) (1024K)]
  0x00000250983d57a0 JavaThread "Catalina-utility-2"                [_thread_blocked, id=14552, stack(0x0000008602900000,0x0000008602a00000) (1024K)]
  0x00000250983d8590 JavaThread "container-0"                       [_thread_blocked, id=20628, stack(0x0000008602a00000,0x0000008602b00000) (1024K)]
  0x0000025099f1f0b0 JavaThread "H2-serialization"           daemon [_thread_blocked, id=3164, stack(0x0000008602c00000,0x0000008602d00000) (1024K)]
  0x0000025099f21810 JavaThread "H2-save"                    daemon [_thread_blocked, id=20648, stack(0x0000008602d00000,0x0000008602e00000) (1024K)]
Total: 28

Other Threads:
  0x0000025092b09480 VMThread "VM Thread"                           [id=16980, stack(0x0000008600200000,0x0000008600300000) (1024K)]
  0x0000025092aa14f0 WatcherThread "VM Periodic Task Thread"        [id=20172, stack(0x0000008600100000,0x0000008600200000) (1024K)]
  0x0000025084061d90 WorkerThread "GC Thread#0"                     [id=21308, stack(0x000000867fc00000,0x000000867fd00000) (1024K)]
  0x00000250979ae9d0 WorkerThread "GC Thread#1"                     [id=12784, stack(0x0000008601200000,0x0000008601300000) (1024K)]
  0x00000250979aed70 WorkerThread "GC Thread#2"                     [id=21932, stack(0x0000008601300000,0x0000008601400000) (1024K)]
  0x00000250979af110 WorkerThread "GC Thread#3"                     [id=21264, stack(0x0000008601400000,0x0000008601500000) (1024K)]
  0x00000250979af4b0 WorkerThread "GC Thread#4"                     [id=17696, stack(0x0000008601500000,0x0000008601600000) (1024K)]
  0x00000250979cfb20 WorkerThread "GC Thread#5"                     [id=23136, stack(0x0000008601600000,0x0000008601700000) (1024K)]
  0x00000250979ec170 WorkerThread "GC Thread#6"                     [id=23344, stack(0x0000008601700000,0x0000008601800000) (1024K)]
  0x00000250979ec510 WorkerThread "GC Thread#7"                     [id=17008, stack(0x0000008601800000,0x0000008601900000) (1024K)]
=>0x00000250979eed50 WorkerThread "GC Thread#8"                     [id=17392, stack(0x0000008601900000,0x0000008601a00000) (1024K)]
  0x00000250979eded0 WorkerThread "GC Thread#9"                     [id=21608, stack(0x0000008601d00000,0x0000008601e00000) (1024K)]
  0x0000025084073580 ConcurrentGCThread "G1 Main Marker"            [id=21764, stack(0x000000867fd00000,0x000000867fe00000) (1024K)]
  0x0000025084074080 WorkerThread "G1 Conc#0"                       [id=21592, stack(0x000000867fe00000,0x000000867ff00000) (1024K)]
  0x00000250979edb30 WorkerThread "G1 Conc#1"                       [id=20812, stack(0x0000008602000000,0x0000008602100000) (1024K)]
  0x00000250979ee270 WorkerThread "G1 Conc#2"                       [id=21492, stack(0x0000008602100000,0x0000008602200000) (1024K)]
  0x00000250840ae720 ConcurrentGCThread "G1 Refine#0"               [id=1944, stack(0x000000867ff00000,0x0000008680000000) (1024K)]
  0x000002509295f510 ConcurrentGCThread "G1 Service"                [id=23064, stack(0x0000008600000000,0x0000008600100000) (1024K)]
Total: 18

Threads with active compile tasks:
Total: 0

VM state: at safepoint (normal execution)

VM Mutex/Monitor currently owned by a thread:  ([mutex/lock_event])
[0x00007ffd36a12128] Threads_lock - owner thread: 0x0000025092b09480
[0x00007ffd36a12228] Heap_lock - owner thread: 0x00000250983b0fa0

Heap address: 0x0000000701400000, size: 4076 MB, Compressed Oops mode: Zero based, Oop shift amount: 3

CDS archive(s) not mapped
Compressed class space mapped at: 0x0000000800000000-0x0000000840000000, reserved size: 1073741824
Narrow klass base: 0x0000000800000000, Narrow klass shift: 0, Narrow klass range: 0x40000000

GC Precious Log:
 CardTable entry size: 512
 Card Set container configuration: InlinePtr #cards 4 size 8 Array Of Cards #cards 16 size 48 Howl #buckets 8 coarsen threshold 3686 Howl Bitmap #cards 512 size 80 coarsen threshold 460 Card regions per heap region 1 cards per card region 4096
 CPUs: 12 total, 12 available
 Memory: 16301M
 Large Page Support: Disabled
 NUMA Support: Disabled
 Compressed Oops: Enabled (Zero based)
 Heap Region Size: 2M
 Heap Min Capacity: 8M
 Heap Initial Capacity: 256M
 Heap Max Capacity: 4076M
 Pre-touch: Disabled
 Parallel Workers: 10
 Concurrent Workers: 3
 Concurrent Refinement Workers: 10
 Periodic GC: Disabled

Heap:
 garbage-first heap   total 110592K, used 92182K [0x0000000701400000, 0x0000000800000000)
  region size 2048K, 32 young (65536K), 3 survivors (6144K)
 Metaspace       used 80152K, committed 80832K, reserved 1179648K
  class space    used 10515K, committed 10816K, reserved 1048576K

Heap Regions: E=young(eden), S=young(survivor), O=old, HS=humongous(starts), HC=humongous(continues), CS=collection set, F=free, TAMS=top-at-mark-start, PB=parsable bottom
|   0|0x0000000701400000, 0x0000000701600000, 0x0000000701600000|100%| O|  |TAMS 0x0000000701400000| PB 0x0000000701400000| Untracked 
|   1|0x0000000701600000, 0x0000000701800000, 0x0000000701800000|100%| O|  |TAMS 0x0000000701600000| PB 0x0000000701600000| Untracked 
|   2|0x0000000701800000, 0x0000000701a00000, 0x0000000701a00000|100%| O|  |TAMS 0x0000000701800000| PB 0x0000000701800000| Untracked 
|   3|0x0000000701a00000, 0x0000000701c00000, 0x0000000701c00000|100%| O|  |TAMS 0x0000000701a00000| PB 0x0000000701a00000| Untracked 
|   4|0x0000000701c00000, 0x0000000701e00000, 0x0000000701e00000|100%| O|  |TAMS 0x0000000701c00000| PB 0x0000000701c00000| Untracked 
|   5|0x0000000701e00000, 0x0000000702000000, 0x0000000702000000|100%| O|  |TAMS 0x0000000701e00000| PB 0x0000000701e00000| Untracked 
|   6|0x0000000702000000, 0x0000000702200000, 0x0000000702200000|100%| O|  |TAMS 0x0000000702000000| PB 0x0000000702000000| Untracked 
|   7|0x0000000702200000, 0x0000000702400000, 0x0000000702400000|100%| O|  |TAMS 0x0000000702200000| PB 0x0000000702200000| Untracked 
|   8|0x0000000702400000, 0x0000000702600000, 0x0000000702600000|100%| O|  |TAMS 0x0000000702400000| PB 0x0000000702400000| Untracked 
|   9|0x0000000702600000, 0x0000000702800000, 0x0000000702800000|100%| O|  |TAMS 0x0000000702600000| PB 0x0000000702600000| Untracked 
|  10|0x0000000702800000, 0x0000000702a00000, 0x0000000702a00000|100%|HS|  |TAMS 0x0000000702800000| PB 0x0000000702800000| Complete 
|  11|0x0000000702a00000, 0x0000000702c00000, 0x0000000702c00000|100%| O|  |TAMS 0x0000000702a00000| PB 0x0000000702a00000| Untracked 
|  12|0x0000000702c00000, 0x0000000702df9118, 0x0000000702e00000| 98%| O|  |TAMS 0x0000000702c00000| PB 0x0000000702c00000| Untracked 
|  13|0x0000000702e00000, 0x0000000703000000, 0x0000000703000000|100%| O|  |TAMS 0x0000000702e00000| PB 0x0000000702e00000| Untracked 
|  14|0x0000000703000000, 0x0000000703000000, 0x0000000703200000|  0%| F|  |TAMS 0x0000000703000000| PB 0x0000000703000000| Untracked 
|  15|0x0000000703200000, 0x0000000703200000, 0x0000000703400000|  0%| F|  |TAMS 0x0000000703200000| PB 0x0000000703200000| Untracked 
|  16|0x0000000703400000, 0x0000000703400000, 0x0000000703600000|  0%| F|  |TAMS 0x0000000703400000| PB 0x0000000703400000| Untracked 
|  17|0x0000000703600000, 0x0000000703600000, 0x0000000703800000|  0%| F|  |TAMS 0x0000000703600000| PB 0x0000000703600000| Untracked 
|  18|0x0000000703800000, 0x0000000703800000, 0x0000000703a00000|  0%| F|  |TAMS 0x0000000703800000| PB 0x0000000703800000| Untracked 
|  19|0x0000000703a00000, 0x0000000703a9b640, 0x0000000703c00000| 30%| E|CS|TAMS 0x0000000703a00000| PB 0x0000000703a00000| Complete 
|  20|0x0000000703c00000, 0x0000000703e00000, 0x0000000703e00000|100%| E|CS|TAMS 0x0000000703c00000| PB 0x0000000703c00000| Complete 
|  21|0x0000000703e00000, 0x0000000704000000, 0x0000000704000000|100%| E|CS|TAMS 0x0000000703e00000| PB 0x0000000703e00000| Complete 
|  22|0x0000000704000000, 0x0000000704168cf0, 0x0000000704200000| 70%| S|  |TAMS 0x0000000704000000| PB 0x0000000704000000| Complete 
|  23|0x0000000704200000, 0x0000000704400000, 0x0000000704400000|100%| S|  |TAMS 0x0000000704200000| PB 0x0000000704200000| Complete 
|  24|0x0000000704400000, 0x0000000704600000, 0x0000000704600000|100%| S|  |TAMS 0x0000000704400000| PB 0x0000000704400000| Complete 
|  25|0x0000000704600000, 0x0000000704800000, 0x0000000704800000|100%| E|CS|TAMS 0x0000000704600000| PB 0x0000000704600000| Complete 
|  26|0x0000000704800000, 0x0000000704a00000, 0x0000000704a00000|100%| E|CS|TAMS 0x0000000704800000| PB 0x0000000704800000| Complete 
|  27|0x0000000704a00000, 0x0000000704c00000, 0x0000000704c00000|100%| E|CS|TAMS 0x0000000704a00000| PB 0x0000000704a00000| Complete 
|  28|0x0000000704c00000, 0x0000000704e00000, 0x0000000704e00000|100%| E|CS|TAMS 0x0000000704c00000| PB 0x0000000704c00000| Complete 
|  29|0x0000000704e00000, 0x0000000705000000, 0x0000000705000000|100%| E|CS|TAMS 0x0000000704e00000| PB 0x0000000704e00000| Complete 
|  30|0x0000000705000000, 0x0000000705200000, 0x0000000705200000|100%| E|CS|TAMS 0x0000000705000000| PB 0x0000000705000000| Complete 
|  31|0x0000000705200000, 0x0000000705400000, 0x0000000705400000|100%| E|CS|TAMS 0x0000000705200000| PB 0x0000000705200000| Complete 
|  32|0x0000000705400000, 0x0000000705600000, 0x0000000705600000|100%| E|CS|TAMS 0x0000000705400000| PB 0x0000000705400000| Complete 
|  33|0x0000000705600000, 0x0000000705800000, 0x0000000705800000|100%| E|CS|TAMS 0x0000000705600000| PB 0x0000000705600000| Complete 
|  34|0x0000000705800000, 0x0000000705a00000, 0x0000000705a00000|100%| E|CS|TAMS 0x0000000705800000| PB 0x0000000705800000| Complete 
|  35|0x0000000705a00000, 0x0000000705c00000, 0x0000000705c00000|100%| E|CS|TAMS 0x0000000705a00000| PB 0x0000000705a00000| Complete 
|  36|0x0000000705c00000, 0x0000000705e00000, 0x0000000705e00000|100%| E|CS|TAMS 0x0000000705c00000| PB 0x0000000705c00000| Complete 
|  37|0x0000000705e00000, 0x0000000706000000, 0x0000000706000000|100%| E|CS|TAMS 0x0000000705e00000| PB 0x0000000705e00000| Complete 
|  38|0x0000000706000000, 0x0000000706200000, 0x0000000706200000|100%| E|CS|TAMS 0x0000000706000000| PB 0x0000000706000000| Complete 
|  39|0x0000000706200000, 0x0000000706400000, 0x0000000706400000|100%| E|CS|TAMS 0x0000000706200000| PB 0x0000000706200000| Complete 
|  40|0x0000000706400000, 0x0000000706600000, 0x0000000706600000|100%| E|CS|TAMS 0x0000000706400000| PB 0x0000000706400000| Complete 
|  41|0x0000000706600000, 0x0000000706800000, 0x0000000706800000|100%| E|CS|TAMS 0x0000000706600000| PB 0x0000000706600000| Complete 
|  42|0x0000000706800000, 0x0000000706a00000, 0x0000000706a00000|100%| E|CS|TAMS 0x0000000706800000| PB 0x0000000706800000| Complete 
|  43|0x0000000706a00000, 0x0000000706c00000, 0x0000000706c00000|100%| E|CS|TAMS 0x0000000706a00000| PB 0x0000000706a00000| Complete 
|  44|0x0000000706c00000, 0x0000000706e00000, 0x0000000706e00000|100%| E|CS|TAMS 0x0000000706c00000| PB 0x0000000706c00000| Complete 
|  45|0x0000000706e00000, 0x0000000707000000, 0x0000000707000000|100%| E|CS|TAMS 0x0000000706e00000| PB 0x0000000706e00000| Complete 
|  46|0x0000000707000000, 0x0000000707200000, 0x0000000707200000|100%| E|CS|TAMS 0x0000000707000000| PB 0x0000000707000000| Complete 
|  47|0x0000000707200000, 0x0000000707400000, 0x0000000707400000|100%| E|CS|TAMS 0x0000000707200000| PB 0x0000000707200000| Complete 
|  48|0x0000000707400000, 0x0000000707600000, 0x0000000707600000|100%| E|CS|TAMS 0x0000000707400000| PB 0x0000000707400000| Complete 
|  49|0x0000000707600000, 0x0000000707800000, 0x0000000707800000|100%| E|CS|TAMS 0x0000000707600000| PB 0x0000000707600000| Complete 
|  50|0x0000000707800000, 0x0000000707a00000, 0x0000000707a00000|100%| E|CS|TAMS 0x0000000707800000| PB 0x0000000707800000| Complete 
|  61|0x0000000708e00000, 0x0000000709000000, 0x0000000709000000|100%| E|CS|TAMS 0x0000000708e00000| PB 0x0000000708e00000| Complete 
|  62|0x0000000709000000, 0x0000000709200000, 0x0000000709200000|100%| E|CS|TAMS 0x0000000709000000| PB 0x0000000709000000| Complete 
| 127|0x0000000711200000, 0x0000000711400000, 0x0000000711400000|100%| E|CS|TAMS 0x0000000711200000| PB 0x0000000711200000| Complete 

Card table byte_map: [0x000002508b620000,0x000002508be20000] _byte_map_base: 0x0000025087e16000

Marking Bits: (CMBitMap*) 0x0000025084062490
 Bits: [0x000002508be20000, 0x000002508fdd0000)

Polling page: 0x0000025081f60000

Metaspace:

Usage:
  Non-class:     68.01 MB used.
      Class:     10.27 MB used.
       Both:     78.27 MB used.

Virtual space:
  Non-class space:      128.00 MB reserved,      68.38 MB ( 53%) committed,  2 nodes.
      Class space:        1.00 GB reserved,      10.56 MB (  1%) committed,  1 nodes.
             Both:        1.12 GB reserved,      78.94 MB (  7%) committed. 

Chunk freelists:
   Non-Class:  10.95 MB
       Class:  5.31 MB
        Both:  16.27 MB

MaxMetaspaceSize: unlimited
CompressedClassSpaceSize: 1.00 GB
Initial GC threshold: 21.00 MB
Current GC threshold: 98.25 MB
CDS: off
 - commit_granule_bytes: 65536.
 - commit_granule_words: 8192.
 - virtual_space_node_default_size: 8388608.
 - enlarge_chunks_in_place: 1.
 - use_allocation_guard: 0.


Internal statistics:

num_allocs_failed_limit: 9.
num_arena_births: 1028.
num_arena_deaths: 0.
num_vsnodes_births: 3.
num_vsnodes_deaths: 0.
num_space_committed: 1263.
num_space_uncommitted: 0.
num_chunks_returned_to_freelist: 9.
num_chunks_taken_from_freelist: 3535.
num_chunk_merges: 9.
num_chunk_splits: 2571.
num_chunks_enlarged: 1970.
num_inconsistent_stats: 0.

CodeCache: size=49152Kb used=12475Kb max_used=14096Kb free=36676Kb
 bounds [0x0000025087af0000, 0x0000025088990000, 0x000002508aaf0000]
 total_blobs=7059 nmethods=6240 adapters=743
 compilation: enabled
              stopped_count=0, restarted_count=0
 full_count=0

Compilation events (20 events):
Event: 523.237 Thread 0x0000025092bb4e80 6281       1       org.apache.catalina.core.StandardPipeline::getFirst (17 bytes)
Event: 523.237 Thread 0x0000025092bb4e80 nmethod 6281 0x0000025088816b10 code [0x0000025088816ca0, 0x0000025088816da8]
Event: 523.237 Thread 0x0000025092bb4e80 6282       1       org.apache.catalina.mapper.MapperListener::lifecycleEvent (180 bytes)
Event: 523.237 Thread 0x0000025092bb4e80 nmethod 6282 0x0000025088815b90 code [0x0000025088815e20, 0x00000250888166f8]
Event: 523.237 Thread 0x0000025092bb4e80 6283       1       java.util.EventObject::getSource (5 bytes)
Event: 523.238 Thread 0x0000025092bb4e80 nmethod 6283 0x0000025088815890 code [0x0000025088815a20, 0x0000025088815af0]
Event: 532.813 Thread 0x0000025092bb4e80 6284       1       java.util.concurrent.locks.AbstractQueuedSynchronizer$ConditionObject::signal (34 bytes)
Event: 532.813 Thread 0x0000025092bb4e80 nmethod 6284 0x0000025088815390 code [0x0000025088815560, 0x0000025088815750]
Event: 562.818 Thread 0x0000025092bb4e80 6285       1       java.util.concurrent.locks.LockSupport::setCurrentBlocker (14 bytes)
Event: 562.818 Thread 0x0000025092bb4e80 nmethod 6285 0x0000025088815010 code [0x00000250888151a0, 0x00000250888152b8]
Event: 603.047 Thread 0x0000025092bb4e80 6286       1       java.util.concurrent.locks.AbstractQueuedSynchronizer::acquire (20 bytes)
Event: 603.047 Thread 0x0000025092bb4e80 nmethod 6286 0x0000025088814c10 code [0x0000025088814dc0, 0x0000025088814f30]
Event: 633.055 Thread 0x0000025092bb4e80 6287       1       com.zaxxer.hikari.pool.PoolEntry::getState (8 bytes)
Event: 633.055 Thread 0x0000025092bb4e80 nmethod 6287 0x0000025088814810 code [0x00000250888149c0, 0x0000025088814b10]
Event: 633.055 Thread 0x0000025092bb4e80 6288       1       java.util.concurrent.atomic.AtomicIntegerFieldUpdater$AtomicIntegerFieldUpdaterImpl::get (17 bytes)
Event: 633.055 Thread 0x0000025092bb4e80 nmethod 6288 0x0000025088814410 code [0x00000250888145c0, 0x00000250888146f8]
Event: 643.360 Thread 0x0000025092bb4e80 6289       1       org.apache.catalina.webresources.CachedResource::getNextCheck (5 bytes)
Event: 643.360 Thread 0x0000025092bb4e80 nmethod 6289 0x0000025088814110 code [0x00000250888142a0, 0x0000025088814370]
Event: 643.360 Thread 0x0000025092bb4e80 6290       1       org.apache.catalina.core.StandardWrapper::getServlet (5 bytes)
Event: 643.360 Thread 0x0000025092bb4e80 nmethod 6290 0x0000025088813e10 code [0x0000025088813fa0, 0x0000025088814070]

GC Heap History (20 events):
Event: 1.407 GC heap after
{Heap after GC invocations=8 (full 0):
 garbage-first heap   total 159744K, used 15613K [0x0000000701400000, 0x0000000800000000)
  region size 2048K, 3 young (6144K), 3 survivors (6144K)
 Metaspace       used 35642K, committed 35968K, reserved 1114112K
  class space    used 4119K, committed 4288K, reserved 1048576K
}
Event: 1.557 GC heap before
{Heap before GC invocations=9 (full 0):
 garbage-first heap   total 61440K, used 46333K [0x0000000701400000, 0x0000000800000000)
  region size 2048K, 18 young (36864K), 3 survivors (6144K)
 Metaspace       used 37856K, committed 38272K, reserved 1114112K
  class space    used 4423K, committed 4608K, reserved 1048576K
}
Event: 1.560 GC heap after
{Heap after GC invocations=10 (full 0):
 garbage-first heap   total 61440K, used 17729K [0x0000000701400000, 0x0000000800000000)
  region size 2048K, 3 young (6144K), 3 survivors (6144K)
 Metaspace       used 37856K, committed 38272K, reserved 1114112K
  class space    used 4423K, committed 4608K, reserved 1048576K
}
Event: 1.781 GC heap before
{Heap before GC invocations=10 (full 0):
 garbage-first heap   total 61440K, used 48449K [0x0000000701400000, 0x0000000800000000)
  region size 2048K, 18 young (36864K), 3 survivors (6144K)
 Metaspace       used 39309K, committed 39680K, reserved 1114112K
  class space    used 4640K, committed 4800K, reserved 1048576K
}
Event: 1.784 GC heap after
{Heap after GC invocations=11 (full 0):
 garbage-first heap   total 61440K, used 18880K [0x0000000701400000, 0x0000000800000000)
  region size 2048K, 2 young (4096K), 2 survivors (4096K)
 Metaspace       used 39309K, committed 39680K, reserved 1114112K
  class space    used 4640K, committed 4800K, reserved 1048576K
}
Event: 1.995 GC heap before
{Heap before GC invocations=11 (full 0):
 garbage-first heap   total 61440K, used 51648K [0x0000000701400000, 0x0000000800000000)
  region size 2048K, 18 young (36864K), 2 survivors (4096K)
 Metaspace       used 41431K, committed 41792K, reserved 1114112K
  class space    used 4961K, committed 5120K, reserved 1048576K
}
Event: 1.998 GC heap after
{Heap after GC invocations=12 (full 0):
 garbage-first heap   total 161792K, used 19692K [0x0000000701400000, 0x0000000800000000)
  region size 2048K, 3 young (6144K), 3 survivors (6144K)
 Metaspace       used 41431K, committed 41792K, reserved 1114112K
  class space    used 4961K, committed 5120K, reserved 1048576K
}
Event: 2.597 GC heap before
{Heap before GC invocations=12 (full 0):
 garbage-first heap   total 161792K, used 107756K [0x0000000701400000, 0x0000000800000000)
  region size 2048K, 47 young (96256K), 3 survivors (6144K)
 Metaspace       used 48897K, committed 49536K, reserved 1114112K
  class space    used 5989K, committed 6272K, reserved 1048576K
}
Event: 2.602 GC heap after
{Heap after GC invocations=13 (full 0):
 garbage-first heap   total 161792K, used 24412K [0x0000000701400000, 0x0000000800000000)
  region size 2048K, 5 young (10240K), 5 survivors (10240K)
 Metaspace       used 48897K, committed 49536K, reserved 1114112K
  class space    used 5989K, committed 6272K, reserved 1048576K
}
Event: 3.042 GC heap before
{Heap before GC invocations=13 (full 0):
 garbage-first heap   total 161792K, used 110428K [0x0000000701400000, 0x0000000800000000)
  region size 2048K, 47 young (96256K), 5 survivors (10240K)
 Metaspace       used 57083K, committed 57728K, reserved 1114112K
  class space    used 7042K, committed 7296K, reserved 1048576K
}
Event: 3.046 GC heap after
{Heap after GC invocations=14 (full 0):
 garbage-first heap   total 161792K, used 26676K [0x0000000701400000, 0x0000000800000000)
  region size 2048K, 4 young (8192K), 4 survivors (8192K)
 Metaspace       used 57083K, committed 57728K, reserved 1114112K
  class space    used 7042K, committed 7296K, reserved 1048576K
}
Event: 3.209 GC heap before
{Heap before GC invocations=14 (full 0):
 garbage-first heap   total 161792K, used 59444K [0x0000000701400000, 0x0000000800000000)
  region size 2048K, 20 young (40960K), 4 survivors (8192K)
 Metaspace       used 59570K, committed 60160K, reserved 1114112K
  class space    used 7485K, committed 7744K, reserved 1048576K
}
Event: 3.212 GC heap after
{Heap after GC invocations=15 (full 0):
 garbage-first heap   total 161792K, used 28892K [0x0000000701400000, 0x0000000800000000)
  region size 2048K, 2 young (4096K), 2 survivors (4096K)
 Metaspace       used 59570K, committed 60160K, reserved 1114112K
  class space    used 7485K, committed 7744K, reserved 1048576K
}
Event: 3.535 GC heap before
{Heap before GC invocations=16 (full 0):
 garbage-first heap   total 110592K, used 90332K [0x0000000701400000, 0x0000000800000000)
  region size 2048K, 32 young (65536K), 2 survivors (4096K)
 Metaspace       used 64949K, committed 65600K, reserved 1114112K
  class space    used 8261K, committed 8576K, reserved 1048576K
}
Event: 3.538 GC heap after
{Heap after GC invocations=17 (full 0):
 garbage-first heap   total 110592K, used 30033K [0x0000000701400000, 0x0000000800000000)
  region size 2048K, 3 young (6144K), 3 survivors (6144K)
 Metaspace       used 64949K, committed 65600K, reserved 1114112K
  class space    used 8261K, committed 8576K, reserved 1048576K
}
Event: 3.871 GC heap before
{Heap before GC invocations=17 (full 0):
 garbage-first heap   total 110592K, used 89425K [0x0000000701400000, 0x0000000800000000)
  region size 2048K, 32 young (65536K), 3 survivors (6144K)
 Metaspace       used 71332K, committed 72000K, reserved 1114112K
  class space    used 9297K, committed 9600K, reserved 1048576K
}
Event: 3.874 GC heap after
{Heap after GC invocations=18 (full 0):
 garbage-first heap   total 110592K, used 30524K [0x0000000701400000, 0x0000000800000000)
  region size 2048K, 3 young (6144K), 3 survivors (6144K)
 Metaspace       used 71332K, committed 72000K, reserved 1114112K
  class space    used 9297K, committed 9600K, reserved 1048576K
}
Event: 4.211 GC heap before
{Heap before GC invocations=18 (full 0):
 garbage-first heap   total 110592K, used 89916K [0x0000000701400000, 0x0000000800000000)
  region size 2048K, 32 young (65536K), 3 survivors (6144K)
 Metaspace       used 76955K, committed 77696K, reserved 1179648K
  class space    used 10073K, committed 10432K, reserved 1048576K
}
Event: 4.215 GC heap after
{Heap after GC invocations=19 (full 0):
 garbage-first heap   total 110592K, used 32790K [0x0000000701400000, 0x0000000800000000)
  region size 2048K, 3 young (6144K), 3 survivors (6144K)
 Metaspace       used 76955K, committed 77696K, reserved 1179648K
  class space    used 10073K, committed 10432K, reserved 1048576K
}
Event: 801.079 GC heap before
{Heap before GC invocations=19 (full 0):
 garbage-first heap   total 110592K, used 92182K [0x0000000701400000, 0x0000000800000000)
  region size 2048K, 32 young (65536K), 3 survivors (6144K)
 Metaspace       used 80152K, committed 80832K, reserved 1179648K
  class space    used 10515K, committed 10816K, reserved 1048576K
}

Dll operation events (12 events):
Event: 0.006 Loaded shared library C:\Users\GREEN\Downloads\sts-4.24.0.RELEASE\plugins\org.eclipse.justj.openjdk.hotspot.jre.full.win32.x86_64_21.0.3.v20240426-1530\jre\bin\java.dll
Event: 0.010 Loaded shared library C:\Users\GREEN\Downloads\sts-4.24.0.RELEASE\plugins\org.eclipse.justj.openjdk.hotspot.jre.full.win32.x86_64_21.0.3.v20240426-1530\jre\bin\zip.dll
Event: 0.248 Loaded shared library C:\Users\GREEN\Downloads\sts-4.24.0.RELEASE\plugins\org.eclipse.justj.openjdk.hotspot.jre.full.win32.x86_64_21.0.3.v20240426-1530\jre\bin\instrument.dll
Event: 0.256 Loaded shared library C:\Users\GREEN\Downloads\sts-4.24.0.RELEASE\plugins\org.eclipse.justj.openjdk.hotspot.jre.full.win32.x86_64_21.0.3.v20240426-1530\jre\bin\net.dll
Event: 0.257 Loaded shared library C:\Users\GREEN\Downloads\sts-4.24.0.RELEASE\plugins\org.eclipse.justj.openjdk.hotspot.jre.full.win32.x86_64_21.0.3.v20240426-1530\jre\bin\nio.dll
Event: 0.263 Loaded shared library C:\Users\GREEN\Downloads\sts-4.24.0.RELEASE\plugins\org.eclipse.justj.openjdk.hotspot.jre.full.win32.x86_64_21.0.3.v20240426-1530\jre\bin\zip.dll
Event: 0.374 Loaded shared library C:\Users\GREEN\Downloads\sts-4.24.0.RELEASE\plugins\org.eclipse.justj.openjdk.hotspot.jre.full.win32.x86_64_21.0.3.v20240426-1530\jre\bin\jimage.dll
Event: 0.406 Loaded shared library C:\Users\GREEN\Downloads\sts-4.24.0.RELEASE\plugins\org.eclipse.justj.openjdk.hotspot.jre.full.win32.x86_64_21.0.3.v20240426-1530\jre\bin\management.dll
Event: 0.414 Loaded shared library C:\Users\GREEN\Downloads\sts-4.24.0.RELEASE\plugins\org.eclipse.justj.openjdk.hotspot.jre.full.win32.x86_64_21.0.3.v20240426-1530\jre\bin\management_ext.dll
Event: 0.561 Loaded shared library C:\Users\GREEN\Downloads\sts-4.24.0.RELEASE\plugins\org.eclipse.justj.openjdk.hotspot.jre.full.win32.x86_64_21.0.3.v20240426-1530\jre\bin\extnet.dll
Event: 0.578 Loaded shared library C:\Users\GREEN\Downloads\sts-4.24.0.RELEASE\plugins\org.eclipse.justj.openjdk.hotspot.jre.full.win32.x86_64_21.0.3.v20240426-1530\jre\bin\verify.dll
Event: 1.472 Loaded shared library C:\Users\GREEN\Downloads\sts-4.24.0.RELEASE\plugins\org.eclipse.justj.openjdk.hotspot.jre.full.win32.x86_64_21.0.3.v20240426-1530\jre\bin\sunmscapi.dll

Deoptimization events (20 events):
Event: 800.528 Thread 0x00000250983b0fa0 DEOPT PACKING pc=0x000002508883e30c sp=0x00000086024fea00
Event: 800.528 Thread 0x00000250983b0fa0 DEOPT UNPACKING pc=0x0000025087b44e42 sp=0x00000086024fdf88 mode 1
Event: 801.078 Thread 0x00000250983b0fa0 DEOPT PACKING pc=0x000002508882a52c sp=0x00000086024fe1f0
Event: 801.078 Thread 0x00000250983b0fa0 DEOPT UNPACKING pc=0x0000025087b44e42 sp=0x00000086024fd6f0 mode 1
Event: 801.078 Thread 0x00000250983b0fa0 DEOPT PACKING pc=0x000002508882c0c4 sp=0x00000086024fe2a0
Event: 801.078 Thread 0x00000250983b0fa0 DEOPT UNPACKING pc=0x0000025087b44e42 sp=0x00000086024fd810 mode 1
Event: 801.078 Thread 0x00000250983b0fa0 DEOPT PACKING pc=0x000002508882f594 sp=0x00000086024fe3d0
Event: 801.078 Thread 0x00000250983b0fa0 DEOPT UNPACKING pc=0x0000025087b44e42 sp=0x00000086024fd900 mode 1
Event: 801.078 Thread 0x00000250983b0fa0 DEOPT PACKING pc=0x000002508884be34 sp=0x00000086024fe4b0
Event: 801.078 Thread 0x00000250983b0fa0 DEOPT UNPACKING pc=0x0000025087b44e42 sp=0x00000086024fd980 mode 1
Event: 801.078 Thread 0x00000250983b0fa0 DEOPT PACKING pc=0x000002508884ecb4 sp=0x00000086024fe530
Event: 801.078 Thread 0x00000250983b0fa0 DEOPT UNPACKING pc=0x0000025087b44e42 sp=0x00000086024fda28 mode 1
Event: 801.078 Thread 0x00000250983b0fa0 DEOPT PACKING pc=0x000002508882e274 sp=0x00000086024fe660
Event: 801.078 Thread 0x00000250983b0fa0 DEOPT UNPACKING pc=0x0000025087b44e42 sp=0x00000086024fdb88 mode 1
Event: 801.079 Thread 0x00000250983b0fa0 DEOPT PACKING pc=0x00000250888305dc sp=0x00000086024fe750
Event: 801.079 Thread 0x00000250983b0fa0 DEOPT UNPACKING pc=0x0000025087b44e42 sp=0x00000086024fdbb8 mode 1
Event: 801.079 Thread 0x00000250983b0fa0 DEOPT PACKING pc=0x000002508861e314 sp=0x00000086024fe850
Event: 801.079 Thread 0x00000250983b0fa0 DEOPT UNPACKING pc=0x0000025087b44e42 sp=0x00000086024fdd50 mode 1
Event: 801.079 Thread 0x00000250983b0fa0 DEOPT PACKING pc=0x000002508883e30c sp=0x00000086024fea00
Event: 801.079 Thread 0x00000250983b0fa0 DEOPT UNPACKING pc=0x0000025087b44e42 sp=0x00000086024fdf88 mode 1

Classes loaded (20 events):
Event: 4.329 Loading class java/lang/Character$Subset done
Event: 4.330 Loading class java/lang/Character$UnicodeBlock done
Event: 4.357 Loading class java/util/regex/Pattern$Bound
Event: 4.357 Loading class java/util/regex/Pattern$Bound done
Event: 4.357 Loading class java/util/regex/Pattern$Behind
Event: 4.357 Loading class java/util/regex/Pattern$Behind done
Event: 4.357 Loading class java/util/regex/Pattern$GroupCurly
Event: 4.357 Loading class java/util/regex/Pattern$GroupCurly done
Event: 4.419 Loading class java/lang/invoke/MethodHandleImpl$CountingWrapper$1
Event: 4.419 Loading class java/lang/invoke/MethodHandleImpl$CountingWrapper$1 done
Event: 4.426 Loading class sun/reflect/ReflectionFactory
Event: 4.426 Loading class sun/reflect/ReflectionFactory done
Event: 4.426 Loading class sun/reflect/ReflectionFactory$1
Event: 4.426 Loading class sun/reflect/ReflectionFactory$1 done
Event: 4.426 Loading class java/io/OptionalDataException
Event: 4.426 Loading class java/io/OptionalDataException done
Event: 46.800 Loading class java/util/PriorityQueue$Itr
Event: 46.800 Loading class java/util/PriorityQueue$Itr done
Event: 46.800 Loading class java/nio/ByteBufferAsLongBufferB
Event: 46.800 Loading class java/nio/ByteBufferAsLongBufferB done

Classes unloaded (0 events):
No events

Classes redefined (0 events):
No events

Internal exceptions (20 events):
Event: 3.973 Thread 0x00000250982097f0 Exception <a 'java/lang/NoSuchMethodError'{0x0000000706e87050}: 'void java.lang.invoke.DirectMethodHandle$Holder.invokeStatic(java.lang.Object, java.lang.Object, java.lang.Object, java.lang.Object, int, java.lang.Object)'> (0x0000000706e87050) 
thrown [s\src\hotspot\share\interpreter\linkResolver.cpp, line 773]
Event: 3.994 Thread 0x00000250982097f0 Exception <a 'java/lang/NoSuchMethodError'{0x0000000706b39dc0}: 'java.lang.Object java.lang.invoke.DirectMethodHandle$Holder.newInvokeSpecial(java.lang.Object, java.lang.Object, java.lang.Object, java.lang.Object, java.lang.Object, int, java.lang.Object)'> (0x0000000706b39dc0) 
thrown [s\src\hotspot\share\interpreter\linkResolver.cpp, line 773]
Event: 3.996 Thread 0x00000250982097f0 Exception <a 'java/lang/NoSuchMethodError'{0x0000000706b8bd38}: 'void java.lang.invoke.DirectMethodHandle$Holder.invokeSpecial(java.lang.Object, java.lang.Object, java.lang.Object, java.lang.Object, java.lang.Object, java.lang.Object, java.lang.Object, java.lang.Object, java.lang.Object, java.lang.Object, java.lang.Object, java.lang.Object, java.lang.Object)'> (0x0000000706b8bd38) 
thrown [s\src\hotspot\share\interpreter\linkResolver.cpp, line 773]
Event: 3.997 Thread 0x00000250982097f0 Exception <a 'java/lang/NoSuchMethodError'{0x0000000706b990c8}: 'java.lang.Object java.lang.invoke.DirectMethodHandle$Holder.newInvokeSpecial(java.lang.Object, java.lang.Object, java.lang.Object, java.lang.Object, java.lang.Object, java.lang.Object, java.lang.Object, java.lang.Object, java.lang.Object, java.lang.Object, java.lang.Object, java.lang.Object)'> (0x0000000706b990c8) 
thrown [s\src\hotspot\share\interpreter\linkResolver.cpp, line 773]
Event: 3.997 Thread 0x00000250982097f0 Exception <a 'java/lang/NoSuchMethodError'{0x0000000706b9d960}: 'java.lang.Object java.lang.invoke.DirectMethodHandle$Holder.invokeSpecial(java.lang.Object, java.lang.Object, java.lang.Object, java.lang.Object, java.lang.Object, java.lang.Object, java.lang.Object, java.lang.Object, java.lang.Object, java.lang.Object, java.lang.Object, java.lang.Object, java.lang.Object)'> (0x0000000706b9d960) 
thrown [s\src\hotspot\share\interpreter\linkResolver.cpp, line 773]
Event: 3.997 Thread 0x00000250982097f0 Exception <a 'java/lang/NoSuchMethodError'{0x0000000706ba1e38}: 'java.lang.Object java.lang.invoke.Invokers$Holder.linkToTargetMethod(java.lang.Object, java.lang.Object, java.lang.Object, java.lang.Object, java.lang.Object, java.lang.Object, java.lang.Object, java.lang.Object, java.lang.Object, java.lang.Object, java.lang.Object, java.lang.Object)'> (0x0000000706ba1e38) 
thrown [s\src\hotspot\share\interpreter\linkResolver.cpp, line 773]
Event: 4.026 Thread 0x00000250982097f0 Exception <a 'java/lang/NoSuchMethodError'{0x0000000706514148}: 'java.lang.Object java.lang.invoke.DirectMethodHandle$Holder.newInvokeSpecial(java.lang.Object, java.lang.Object, int, java.lang.Object, int, java.lang.Object, java.lang.Object)'> (0x0000000706514148) 
thrown [s\src\hotspot\share\interpreter\linkResolver.cpp, line 773]
Event: 4.032 Thread 0x00000250982097f0 Exception <a 'java/lang/NoSuchMethodError'{0x00000007062253e8}: 'java.lang.Object java.lang.invoke.DirectMethodHandle$Holder.newInvokeSpecial(java.lang.Object, java.lang.Object, java.lang.Object, java.lang.Object, java.lang.Object, java.lang.Object, java.lang.Object, int)'> (0x00000007062253e8) 
thrown [s\src\hotspot\share\interpreter\linkResolver.cpp, line 773]
Event: 4.032 Thread 0x00000250982097f0 Exception <a 'java/lang/NoSuchMethodError'{0x0000000706229948}: 'java.lang.Object java.lang.invoke.DirectMethodHandle$Holder.invokeSpecial(java.lang.Object, java.lang.Object, java.lang.Object, java.lang.Object, java.lang.Object, java.lang.Object, java.lang.Object, java.lang.Object, int)'> (0x0000000706229948) 
thrown [s\src\hotspot\share\interpreter\linkResolver.cpp, line 773]
Event: 4.032 Thread 0x00000250982097f0 Exception <a 'java/lang/NoSuchMethodError'{0x000000070622d960}: 'java.lang.Object java.lang.invoke.Invokers$Holder.linkToTargetMethod(java.lang.Object, java.lang.Object, java.lang.Object, java.lang.Object, java.lang.Object, java.lang.Object, int, java.lang.Object)'> (0x000000070622d960) 
thrown [s\src\hotspot\share\interpreter\linkResolver.cpp, line 773]
Event: 4.042 Thread 0x00000250982097f0 Exception <a 'java/lang/NoSuchMethodError'{0x00000007063b3b68}: 'void java.lang.invoke.DirectMethodHandle$Holder.invokeInterface(java.lang.Object, java.lang.Object)'> (0x00000007063b3b68) 
thrown [s\src\hotspot\share\interpreter\linkResolver.cpp, line 773]
Event: 4.080 Thread 0x00000250982097f0 Exception <a 'java/lang/NoSuchMethodError'{0x0000000705a8a0d8}: 'void java.lang.invoke.DirectMethodHandle$Holder.invokeStatic(java.lang.Object, java.lang.Object, java.lang.Object, java.lang.Object, java.lang.Object, java.lang.Object, java.lang.Object, java.lang.Object, java.lang.Object)'> (0x0000000705a8a0d8) 
thrown [s\src\hotspot\share\interpreter\linkResolver.cpp, line 773]
Event: 4.122 Thread 0x00000250982097f0 Exception <a 'java/lang/NoSuchMethodError'{0x00000007055bd180}: 'java.lang.Object java.lang.invoke.DirectMethodHandle$Holder.invokeSpecial(java.lang.Object, java.lang.Object, int, java.lang.Object, int)'> (0x00000007055bd180) 
thrown [s\src\hotspot\share\interpreter\linkResolver.cpp, line 773]
Event: 4.137 Thread 0x00000250982097f0 Exception <a 'java/lang/NoSuchMethodError'{0x0000000705389950}: 'void java.lang.invoke.Invokers$Holder.invokeExact_MT(java.lang.Object, java.lang.Object, java.lang.Object, java.lang.Object)'> (0x0000000705389950) 
thrown [s\src\hotspot\share\interpreter\linkResolver.cpp, line 773]
Event: 4.184 Thread 0x00000250982097f0 Exception <a 'java/lang/IncompatibleClassChangeError'{0x0000000704b13678}: Found class java.lang.Object, but interface was expected> (0x0000000704b13678) 
thrown [s\src\hotspot\share\interpreter\linkResolver.cpp, line 840]
Event: 4.206 Thread 0x00000250982097f0 Exception <a 'java/lang/IncompatibleClassChangeError'{0x0000000704736260}: Found class java.lang.Object, but interface was expected> (0x0000000704736260) 
thrown [s\src\hotspot\share\interpreter\linkResolver.cpp, line 840]
Event: 4.295 Thread 0x00000250982097f0 Exception <a 'java/lang/IncompatibleClassChangeError'{0x0000000707040478}: Found class java.lang.Object, but interface was expected> (0x0000000707040478) 
thrown [s\src\hotspot\share\interpreter\linkResolver.cpp, line 840]
Event: 4.339 Thread 0x00000250982097f0 Exception <a 'java/lang/IncompatibleClassChangeError'{0x0000000706a78458}: Found class java.lang.Object, but interface was expected> (0x0000000706a78458) 
thrown [s\src\hotspot\share\interpreter\linkResolver.cpp, line 840]
Event: 4.367 Thread 0x00000250982097f0 Exception <a 'java/lang/NoSuchMethodError'{0x000000070677bd20}: 'java.lang.Object java.lang.invoke.DirectMethodHandle$Holder.invokeStatic(java.lang.Object, int, java.lang.Object)'> (0x000000070677bd20) 
thrown [s\src\hotspot\share\interpreter\linkResolver.cpp, line 773]
Event: 46.799 Thread 0x00000250983d64c0 Exception <a 'java/lang/NoSuchMethodError'{0x0000000705a3a428}: 'java.lang.Object java.lang.invoke.DirectMethodHandle$Holder.newInvokeSpecial(java.lang.Object, java.lang.Object, int, int, int)'> (0x0000000705a3a428) 
thrown [s\src\hotspot\share\interpreter\linkResolver.cpp, line 773]

ZGC Phase Switch (0 events):
No events

VM Operations (20 events):
Event: 123.740 Executing VM operation: Cleanup done
Event: 125.749 Executing VM operation: Cleanup
Event: 125.750 Executing VM operation: Cleanup done
Event: 133.782 Executing VM operation: Cleanup
Event: 133.782 Executing VM operation: Cleanup done
Event: 180.057 Executing VM operation: Cleanup
Event: 180.057 Executing VM operation: Cleanup done
Event: 181.066 Executing VM operation: Cleanup
Event: 181.066 Executing VM operation: Cleanup done
Event: 197.189 Executing VM operation: Cleanup
Event: 197.189 Executing VM operation: Cleanup done
Event: 202.209 Executing VM operation: Cleanup
Event: 202.209 Executing VM operation: Cleanup done
Event: 203.215 Executing VM operation: Cleanup
Event: 203.215 Executing VM operation: Cleanup done
Event: 533.602 Executing VM operation: Cleanup
Event: 533.602 Executing VM operation: Cleanup done
Event: 603.993 Executing VM operation: Cleanup
Event: 603.993 Executing VM operation: Cleanup done
Event: 801.079 Executing VM operation: G1CollectForAllocation (G1 Evacuation Pause)

Events (20 events):
Event: 3.223 Thread 0x0000025092b09480 flushing nmethod 0x0000025087dacf10
Event: 3.223 Thread 0x0000025092b09480 flushing nmethod 0x0000025087d1df90
Event: 3.223 Thread 0x0000025092b09480 flushing nmethod 0x0000025087d1da10
Event: 6.685 Thread 0x0000025097985fb0 Thread exited: 0x0000025097985fb0
Event: 8.147 Thread 0x00000250983d5e30 Thread exited: 0x00000250983d5e30
Event: 8.980 Thread 0x0000025097985900 Thread exited: 0x0000025097985900
Event: 12.405 Thread 0x0000025092cbefd0 Thread exited: 0x0000025092cbefd0
Event: 46.802 Thread 0x000002509ae4f460 Thread added: 0x000002509ae4f460
Event: 46.802 Thread 0x00000250979a7ee0 Thread added: 0x00000250979a7ee0
Event: 48.220 Thread 0x00000250979a7ee0 Thread exited: 0x00000250979a7ee0
Event: 51.864 Thread 0x000002509ae4f460 Thread exited: 0x000002509ae4f460
Event: 91.015 Thread 0x00000250981f5eb0 Thread exited: 0x00000250981f5eb0
Event: 196.315 Thread 0x0000025097908750 Thread added: 0x0000025097908750
Event: 196.315 Thread 0x0000025097908e00 Thread added: 0x0000025097908e00
Event: 196.315 Thread 0x0000025097909cc0 Thread added: 0x0000025097909cc0
Event: 200.675 Thread 0x0000025097909cc0 Thread exited: 0x0000025097909cc0
Event: 201.177 Thread 0x0000025097909cc0 Thread added: 0x0000025097909cc0
Event: 202.814 Thread 0x0000025097909cc0 Thread exited: 0x0000025097909cc0
Event: 207.823 Thread 0x0000025097908e00 Thread exited: 0x0000025097908e00
Event: 212.830 Thread 0x0000025097908750 Thread exited: 0x0000025097908750


Dynamic libraries:
0x00007ff783a30000 - 0x00007ff783a3e000 	C:\Users\GREEN\Downloads\sts-4.24.0.RELEASE\plugins\org.eclipse.justj.openjdk.hotspot.jre.full.win32.x86_64_21.0.3.v20240426-1530\jre\bin\javaw.exe
0x00007ffd7ebd0000 - 0x00007ffd7edc8000 	C:\Windows\SYSTEM32\ntdll.dll
0x00007ffd7d3a0000 - 0x00007ffd7d461000 	C:\Windows\System32\KERNEL32.DLL
0x00007ffd7c8d0000 - 0x00007ffd7cbc6000 	C:\Windows\System32\KERNELBASE.dll
0x00007ffd7c2b0000 - 0x00007ffd7c3b0000 	C:\Windows\System32\ucrtbase.dll
0x00007ffd761a0000 - 0x00007ffd761b8000 	C:\Users\GREEN\Downloads\sts-4.24.0.RELEASE\plugins\org.eclipse.justj.openjdk.hotspot.jre.full.win32.x86_64_21.0.3.v20240426-1530\jre\bin\jli.dll
0x00007ffd6f9d0000 - 0x00007ffd6f9eb000 	C:\Users\GREEN\Downloads\sts-4.24.0.RELEASE\plugins\org.eclipse.justj.openjdk.hotspot.jre.full.win32.x86_64_21.0.3.v20240426-1530\jre\bin\VCRUNTIME140.dll
0x00007ffd7d7d0000 - 0x00007ffd7d96f000 	C:\Windows\System32\USER32.dll
0x00007ffd7cbd0000 - 0x00007ffd7cbf2000 	C:\Windows\System32\win32u.dll
0x00007ffd58f80000 - 0x00007ffd5921a000 	C:\Windows\WinSxS\amd64_microsoft.windows.common-controls_6595b64144ccf1df_6.0.19041.4355_none_60b8b9eb71f62e16\COMCTL32.dll
0x00007ffd7e710000 - 0x00007ffd7e73b000 	C:\Windows\System32\GDI32.dll
0x00007ffd7d9f0000 - 0x00007ffd7da8e000 	C:\Windows\System32\msvcrt.dll
0x00007ffd7c4e0000 - 0x00007ffd7c5f7000 	C:\Windows\System32\gdi32full.dll
0x00007ffd7c3b0000 - 0x00007ffd7c44d000 	C:\Windows\System32\msvcp_win.dll
0x00007ffd7e6d0000 - 0x00007ffd7e6ff000 	C:\Windows\System32\IMM32.DLL
0x00007ffd74dc0000 - 0x00007ffd74dcc000 	C:\Users\GREEN\Downloads\sts-4.24.0.RELEASE\plugins\org.eclipse.justj.openjdk.hotspot.jre.full.win32.x86_64_21.0.3.v20240426-1530\jre\bin\vcruntime140_1.dll
0x00007ffd47540000 - 0x00007ffd475ce000 	C:\Users\GREEN\Downloads\sts-4.24.0.RELEASE\plugins\org.eclipse.justj.openjdk.hotspot.jre.full.win32.x86_64_21.0.3.v20240426-1530\jre\bin\msvcp140.dll
0x00007ffd35d70000 - 0x00007ffd36af2000 	C:\Users\GREEN\Downloads\sts-4.24.0.RELEASE\plugins\org.eclipse.justj.openjdk.hotspot.jre.full.win32.x86_64_21.0.3.v20240426-1530\jre\bin\server\jvm.dll
0x00007ffd7e870000 - 0x00007ffd7e920000 	C:\Windows\System32\ADVAPI32.dll
0x00007ffd7eaf0000 - 0x00007ffd7eb90000 	C:\Windows\System32\sechost.dll
0x00007ffd7e740000 - 0x00007ffd7e863000 	C:\Windows\System32\RPCRT4.dll
0x00007ffd7c280000 - 0x00007ffd7c2a7000 	C:\Windows\System32\bcrypt.dll
0x00007ffd7e530000 - 0x00007ffd7e59b000 	C:\Windows\System32\WS2_32.dll
0x00007ffd7b800000 - 0x00007ffd7b84b000 	C:\Windows\SYSTEM32\POWRPROF.dll
0x00007ffd6ed40000 - 0x00007ffd6ed67000 	C:\Windows\SYSTEM32\WINMM.dll
0x00007ffd79360000 - 0x00007ffd7936a000 	C:\Windows\SYSTEM32\VERSION.dll
0x00007ffd7b670000 - 0x00007ffd7b682000 	C:\Windows\SYSTEM32\UMPDC.dll
0x00007ffd7a120000 - 0x00007ffd7a132000 	C:\Windows\SYSTEM32\kernel.appcore.dll
0x00007ffd79070000 - 0x00007ffd7907a000 	C:\Users\GREEN\Downloads\sts-4.24.0.RELEASE\plugins\org.eclipse.justj.openjdk.hotspot.jre.full.win32.x86_64_21.0.3.v20240426-1530\jre\bin\jimage.dll
0x00007ffd6aab0000 - 0x00007ffd6ac94000 	C:\Windows\SYSTEM32\DBGHELP.DLL
0x00007ffd6ae80000 - 0x00007ffd6aeb4000 	C:\Windows\SYSTEM32\dbgcore.DLL
0x00007ffd7c450000 - 0x00007ffd7c4d2000 	C:\Windows\System32\bcryptPrimitives.dll
0x00007ffd6fcd0000 - 0x00007ffd6fd0c000 	C:\Users\GREEN\Downloads\sts-4.24.0.RELEASE\plugins\org.eclipse.justj.openjdk.hotspot.jre.full.win32.x86_64_21.0.3.v20240426-1530\jre\bin\jdwp.dll
0x00007ffd79060000 - 0x00007ffd7906f000 	C:\Users\GREEN\Downloads\sts-4.24.0.RELEASE\plugins\org.eclipse.justj.openjdk.hotspot.jre.full.win32.x86_64_21.0.3.v20240426-1530\jre\bin\instrument.dll
0x00007ffd77f00000 - 0x00007ffd77f1f000 	C:\Users\GREEN\Downloads\sts-4.24.0.RELEASE\plugins\org.eclipse.justj.openjdk.hotspot.jre.full.win32.x86_64_21.0.3.v20240426-1530\jre\bin\java.dll
0x00007ffd73720000 - 0x00007ffd73738000 	C:\Users\GREEN\Downloads\sts-4.24.0.RELEASE\plugins\org.eclipse.justj.openjdk.hotspot.jre.full.win32.x86_64_21.0.3.v20240426-1530\jre\bin\zip.dll
0x00007ffd7dc10000 - 0x00007ffd7e37c000 	C:\Windows\System32\SHELL32.dll
0x00007ffd7a320000 - 0x00007ffd7aabe000 	C:\Windows\SYSTEM32\windows.storage.dll
0x00007ffd7d470000 - 0x00007ffd7d7c3000 	C:\Windows\System32\combase.dll
0x00007ffd7bca0000 - 0x00007ffd7bcce000 	C:\Windows\SYSTEM32\Wldp.dll
0x00007ffd7e460000 - 0x00007ffd7e52d000 	C:\Windows\System32\OLEAUT32.dll
0x00007ffd7d0e0000 - 0x00007ffd7d18d000 	C:\Windows\System32\SHCORE.dll
0x00007ffd7d080000 - 0x00007ffd7d0d5000 	C:\Windows\System32\shlwapi.dll
0x00007ffd7c1b0000 - 0x00007ffd7c1d4000 	C:\Windows\SYSTEM32\profapi.dll
0x00007ffd6fca0000 - 0x00007ffd6fcab000 	C:\Users\GREEN\Downloads\sts-4.24.0.RELEASE\plugins\org.eclipse.justj.openjdk.hotspot.jre.full.win32.x86_64_21.0.3.v20240426-1530\jre\bin\dt_socket.dll
0x00007ffd7b690000 - 0x00007ffd7b6cb000 	C:\Windows\SYSTEM32\IPHLPAPI.DLL
0x00007ffd7ba00000 - 0x00007ffd7ba6a000 	C:\Windows\system32\mswsock.dll
0x00007ffd7b6d0000 - 0x00007ffd7b79a000 	C:\Windows\SYSTEM32\DNSAPI.dll
0x00007ffd7ea60000 - 0x00007ffd7ea68000 	C:\Windows\System32\NSI.dll
0x00007ffd6b190000 - 0x00007ffd6b19a000 	C:\Windows\System32\rasadhlp.dll
0x00007ffd65920000 - 0x00007ffd659a0000 	C:\Windows\System32\fwpuclnt.dll
0x00007ffd76190000 - 0x00007ffd761a0000 	C:\Users\GREEN\Downloads\sts-4.24.0.RELEASE\plugins\org.eclipse.justj.openjdk.hotspot.jre.full.win32.x86_64_21.0.3.v20240426-1530\jre\bin\net.dll
0x00007ffd764b0000 - 0x00007ffd765ba000 	C:\Windows\SYSTEM32\WINHTTP.dll
0x00007ffd6f9f0000 - 0x00007ffd6fa06000 	C:\Users\GREEN\Downloads\sts-4.24.0.RELEASE\plugins\org.eclipse.justj.openjdk.hotspot.jre.full.win32.x86_64_21.0.3.v20240426-1530\jre\bin\nio.dll
0x00007ffd6f870000 - 0x00007ffd6f87a000 	C:\Users\GREEN\Downloads\sts-4.24.0.RELEASE\plugins\org.eclipse.justj.openjdk.hotspot.jre.full.win32.x86_64_21.0.3.v20240426-1530\jre\bin\management.dll
0x00007ffd6f800000 - 0x00007ffd6f80b000 	C:\Users\GREEN\Downloads\sts-4.24.0.RELEASE\plugins\org.eclipse.justj.openjdk.hotspot.jre.full.win32.x86_64_21.0.3.v20240426-1530\jre\bin\management_ext.dll
0x00007ffd7cc00000 - 0x00007ffd7cc08000 	C:\Windows\System32\PSAPI.DLL
0x00007ffd55810000 - 0x00007ffd55827000 	C:\Windows\system32\napinsp.dll
0x00007ffd55310000 - 0x00007ffd5532b000 	C:\Windows\system32\pnrpnsp.dll
0x00007ffd552f0000 - 0x00007ffd55305000 	C:\Windows\system32\wshbth.dll
0x00007ffd79040000 - 0x00007ffd7905d000 	C:\Windows\system32\NLAapi.dll
0x00007ffd552d0000 - 0x00007ffd552e2000 	C:\Windows\System32\winrnr.dll
0x00007ffd7bc00000 - 0x00007ffd7bc18000 	C:\Windows\SYSTEM32\CRYPTSP.dll
0x00007ffd7b2b0000 - 0x00007ffd7b2e4000 	C:\Windows\system32\rsaenh.dll
0x00007ffd7c160000 - 0x00007ffd7c18e000 	C:\Windows\SYSTEM32\USERENV.dll
0x00007ffd7bbf0000 - 0x00007ffd7bbfc000 	C:\Windows\SYSTEM32\CRYPTBASE.dll
0x00007ffd73710000 - 0x00007ffd73719000 	C:\Users\GREEN\Downloads\sts-4.24.0.RELEASE\plugins\org.eclipse.justj.openjdk.hotspot.jre.full.win32.x86_64_21.0.3.v20240426-1530\jre\bin\extnet.dll
0x00007ffd75330000 - 0x00007ffd75340000 	C:\Users\GREEN\Downloads\sts-4.24.0.RELEASE\plugins\org.eclipse.justj.openjdk.hotspot.jre.full.win32.x86_64_21.0.3.v20240426-1530\jre\bin\verify.dll
0x00007ffd74e40000 - 0x00007ffd74e4e000 	C:\Users\GREEN\Downloads\sts-4.24.0.RELEASE\plugins\org.eclipse.justj.openjdk.hotspot.jre.full.win32.x86_64_21.0.3.v20240426-1530\jre\bin\sunmscapi.dll
0x00007ffd7c770000 - 0x00007ffd7c8ce000 	C:\Windows\System32\CRYPT32.dll
0x00007ffd7bd10000 - 0x00007ffd7bd39000 	C:\Windows\SYSTEM32\ncrypt.dll
0x00007ffd7bcd0000 - 0x00007ffd7bd0b000 	C:\Windows\SYSTEM32\NTASN1.dll

dbghelp: loaded successfully - version: 4.0.5 - missing functions: none
symbol engine: initialized successfully - sym options: 0x614 - pdb path: .;C:\Users\GREEN\Downloads\sts-4.24.0.RELEASE\plugins\org.eclipse.justj.openjdk.hotspot.jre.full.win32.x86_64_21.0.3.v20240426-1530\jre\bin;C:\Windows\SYSTEM32;C:\Windows\WinSxS\amd64_microsoft.windows.common-controls_6595b64144ccf1df_6.0.19041.4355_none_60b8b9eb71f62e16;C:\Users\GREEN\Downloads\sts-4.24.0.RELEASE\plugins\org.eclipse.justj.openjdk.hotspot.jre.full.win32.x86_64_21.0.3.v20240426-1530\jre\bin\server

VM Arguments:
jvm_args: -XX:+ShowCodeDetailsInExceptionMessages -agentlib:jdwp=transport=dt_socket,suspend=y,address=localhost:57481 -Dcom.sun.management.jmxremote -Dcom.sun.management.jmxremote.port=57480 -Dcom.sun.management.jmxremote.authenticate=false -Dcom.sun.management.jmxremote.ssl=false -Djava.rmi.server.hostname=localhost -Dspring.jmx.enabled=true -Dmanagement.endpoints.jmx.exposure.include=* -Dspring.application.admin.enabled=true -XX:TieredStopAtLevel=1 -Dspring.boot.project.name=mysite_17th -javaagent:C:\Users\GREEN\Downloads\sts-4.24.0.RELEASE\configuration\org.eclipse.osgi\270\0\.cp\lib\javaagent-shaded.jar -Dfile.encoding=UTF-8 -Dstdout.encoding=UTF-8 -Dstderr.encoding=UTF-8 
java_command: com.study.mysite.Mysite17thApplication --spring.output.ansi.enabled=always
java_class_path (initial): C:\Users\GREEN\git\mysite\mysite_17th\bin\main;C:\Users\GREEN\.gradle\caches\modules-2\files-2.1\org.projectlombok\lombok\1.18.34\ec547ef414ab1d2c040118fb9c1c265ada63af14\lombok-1.18.34.jar;C:\Users\GREEN\.gradle\caches\modules-2\files-2.1\org.springframework.boot\spring-boot-starter-web\3.3.2\720418538668a8742d0ae24097811d5250cf5c32\spring-boot-starter-web-3.3.2.jar;C:\Users\GREEN\.gradle\caches\modules-2\files-2.1\org.springframework.boot\spring-boot-devtools\3.3.2\ff9e444f433eeafd6bc88025909459f835631038\spring-boot-devtools-3.3.2.jar;C:\Users\GREEN\.gradle\caches\modules-2\files-2.1\org.springframework.boot\spring-boot-starter-data-jpa\3.3.2\2731d74dfc18fb905c29930cf55493980c2cee5a\spring-boot-starter-data-jpa-3.3.2.jar;C:\Users\GREEN\.gradle\caches\modules-2\files-2.1\org.springframework.boot\spring-boot-starter-thymeleaf\3.3.2\cdcc62e2bb84c080a474281cf09c28cdfd423955\spring-boot-starter-thymeleaf-3.3.2.jar;C:\Users\GREEN\.gradle\caches\modules-2\files-2.1\nz.net.ultraq.thymeleaf\thymeleaf-layout-dialect\3.3.0\275da01788302e514c0549a4db5fa6b29ef84ba6\thymeleaf-layout-dialect-3.3.0.jar;C:\Users\GREEN\.gradle\caches\modules-2\files-2.1\org.springframework.boot\spring-boot-starter-validation\3.3.2\81ee06b318ed35c2a3f4882a0f7b9946a39e1b39\spring-boot-starter-validation-3.3.2.jar;C:\Users\GREEN\.gradle\caches\modules-2\files-2.1\org.springframework.boot\spring-boot-starter-security\3.3.2\13a1d62a33323306fcd4c4cbb6a98322ce633ac0\spring-boot-starter-security-3.3.2.jar;C:\Users\GREEN\.gradle\caches\modules-2\files-2.1\org.thymeleaf.extras\thymeleaf-extras-springsecurity6\3.1.2.RELEASE\574c188eb147191e2f162419e9fc780fcf3256d7\thymeleaf-extras-springsecurity6-3.1.2.RELEASE.jar;C:\Users\GREEN\.gradle\caches\modules-2\files-2.1\org.springframework.security\spring-security-config\6.3.1\e4f6c1cf4f8969c9e5ed26121f0fbd7ee35a7ca4\spring-security-config-6.3.1.jar;C:\Users\GREEN\.gradle\caches\modules-2\files-2.1\org.springframework.security\spring-security-web\6.3.1\aff43933f28c808252b2d31f768b92fa61b634f6\spring-security-web-6.3.1.jar;C:\Users\GREEN\.gradle\caches\modules-2\files-2.1\org.springframework.security\spring-security-core\6.3.1\598c2461a17c29705ca7fd8c02efd23a1f650ccd\spring-security-core-6.3.1.jar;C:\Users\GREEN\.gradle\caches\modules-2\files-2.1\org.springframework.boot\spring-boot-starter-json\3.3.2\d8b8b73e7820092b4e41d730eeb968add7957c45\spring-boot-starter-json-3.3.2.jar;C:\Users\GREEN\.gradle\caches\modules-2\files-2.1\org.springframework.boot\spring-boot-starter-aop\3.3.2\26d996e253768d3121bb3ffbef28cefc07fdbddb\spring-boot-starter-aop-3.3.2.jar;C:\Users\GREEN\.gradle\caches\modules-2\files-2.1\org.springframework.boot\spring-boot-starter-jdbc\3.3.2\544775d745288972598ab2e872e5a4816b6d9b39\spring-boot-starter-jdbc-3.3.2.jar;C:\Users\GREEN\.gradle\caches\modules-2\files-2.1\org.springframework.boot\spring-boot-starter\3.3.2\f9377a223dab5c4afe7aead05bf6ac567cf565ab\spring-boot-starter-3.3.2.jar;C:\Users\GREEN\.gradle\caches\modules-2\files-2.1\org.springframework.boot\spring-boot-starter-tomcat\3.3.2\37ccb53cd5207fffd7a6fc1b591687f8cb1350df\spring-boot-starter-tomcat-3.3.2.jar;C:\Users\GREEN\.gradle\caches\modules-2\files-2.1\org.springframework\spring-webmvc\6.1.11\9ec4c2a5e28bf7b2d60e254e976940b12c8ba32a\spring-webmvc-6.1.11.jar;C:\Users\GREEN\.gradle\caches\modules-2\files-2.1\org.springframework\spring-web\6.1.11\8910d08f15492273543d2c8032b2b895e08ed9e\spring-web-6.1.11.jar;C:\Users\GREEN\.gradle\caches\modules-2\files-2.1\org.springframework.boot\spring-boot-autoconfigure\3.3.2\6a9ab910b00f0b504a5903e3680ac10018da6247\spring-boot-autoconfigure-3.3.2.jar;C:\Users\GREEN\.gradle\caches\modules-2\files-2.1\org.springframework.boot\spring-boot\3.3.2\72a257d5518b2b8b9949a26543cdb3a4e67de5f8\spring-boot-3.3.2.jar;C:\Users\GREEN\.gradle\caches\modules-2\files-2.1\org.hibernate.orm\hibernate-core\6.5.2.Final\e9e0cc47f6cd2b2553968aee66bd9e55e7485221\hibernate-core-6.5.2.Final.jar;C:\Users\GREEN\.gradle\caches\modules-2\files-2.1\org.springframework.data\spring-data-jpa\3.3.2\cfa9cd077f3f15d0657bbb6d7c8e1c7c7da7e6e2\spring-data-jpa-3.3.2.jar;C:\Users\GREEN\.gradle\caches\modules-2\files-2.1\org.springframework\spring-aspects\6.1.11\141d92094a460f338aa0999023ca7a25861d49a1\spring-aspects-6.1.11.jar;C:\Users\GREEN\.gradle\caches\modules-2\files-2.1\org.thymeleaf\thymeleaf-spring6\3.1.2.RELEASE\6030c7b4e260c41336f378e53da6e8531263f24b\thymeleaf-spring6-3.1.2.RELEASE.jar;C:\Users\GREEN\.gradle\caches\modules-2\files-2.1\org.apache.groovy\groovy\4.0.22\a04df669ad2778678072315bc92f10f03362e7d7\groovy-4.0.22.jar;C:\Users\GREEN\.gradle\caches\modules-2\files-2.1\org.apache.tomcat.embed\tomcat-embed-el\10.1.26\5a5cbcb3e51fcd557b164736e9920a3dd2ac1e33\tomcat-embed-el-10.1.26.jar;C:\Users\GREEN\.gradle\caches\modules-2\files-2.1\org.hibernate.validator\hibernate-validator\8.0.1.Final\e49e116b3d3928060599b176b3538bb848718e95\hibernate-validator-8.0.1.Final.jar;C:\Users\GREEN\.gradle\caches\modules-2\files-2.1\org.springframework\spring-context\6.1.11\8fc69f776333713aa26be8821af8c6355ccad8d8\spring-context-6.1.11.jar;C:\Users\GREEN\.gradle\caches\modules-2\files-2.1\org.springframework\spring-aop\6.1.11\3503ef99b759b81f8b0b3d5260bf4842e393a581\spring-aop-6.1.11.jar;C:\Users\GREEN\.gradle\caches\modules-2\files-2.1\com.zaxxer\HikariCP\5.1.0\8c96e36c14461fc436bb02b264b96ef3ca5dca8c\HikariCP-5.1.0.jar;C:\Users\GREEN\.gradle\caches\modules-2\files-2.1\org.springframework.data\spring-data-commons\3.3.2\5f08fd077c957fd561bef09b08ef6cdf54e1c826\spring-data-commons-3.3.2.jar;C:\Users\GREEN\.gradle\caches\modules-2\files-2.1\org.thymeleaf\thymeleaf\3.1.2.RELEASE\273997509a4c7aef86cee0521750140c587d9be2\thymeleaf-3.1.2.RELEASE.jar;C:\Users\GREEN\.gradle\caches\modules-2\files-2.1\org.springframework.boot\spring-boot-starter-logging\3.3.2\b685c97f3c24dc30c53ae18151a798f701f2a640\spring-boot-starter-logging-3.3.2.jar;C:\Users\GREEN\.gradle\caches\modules-2\files-2.1\ch.qos.logback\logback-classic\1.5.6\afc75d260d838a3bddfb8f207c2805ed7d1b34f9\logback-classic-1.5.6.jar;C:\Users\GREEN\.gradle\caches\modules-2\files-2.1\org.apache.logging.log4j\log4j-to-slf4j\2.23.1\425ad1eb8a39904d2830e907a324e956fb456520\log4j-to-slf4j-2.23.1.jar;C:\Users\GREEN\.gradle\caches\modules-2\files-2.1\org.slf4j\jul-to-slf4j\2.0.13\a3bcd9d9dd50c71ce69f06b1fd05e40fdeff6ba5\jul-to-slf4j-2.0.13.jar;C:\Users\GREEN\.gradle\caches\modules-2\files-2.1\org.slf4j\slf4j-api\2.0.13\80229737f704b121a318bba5d5deacbcf395bc77\slf4j-api-2.0.13.jar;C:\Users\GREEN\.gradle\caches\modules-2\files-2.1\org.springframework.security\spring-security-crypto\6.3.1\3e66321782db499cca3884830188a091058121f3\spring-security-crypto-6.3.1.jar;C:\Users\GREEN\.gradle\caches\modules-2\files-2.1\org.springframework\spring-orm\6.1.11\b96b83839b970f3a5d2ad2f86845924654a17886\spring-orm-6.1.11.jar;C:\Users\GREEN\.gradle\caches\modules-2\files-2.1\org.springframework\spring-jdbc\6.1.11\92b9f712206993c56c56903547c6b695a4a70128\spring-jdbc-6.1.11.jar;C:\Users\GREEN\.gradle\caches\modules-2\files-2.1\org.springframework\spring-tx\6.1.11\2e38b3218ae80d0b5401a4ef299c4cfbc3a73ed7\spring-tx-6.1.11.jar;C:\Users\GREEN\.gradle\caches\modules-2\files-2.1\org.springframework\spring-beans\6.1.11\266176d132ab2bbf8e69e4aa6d7f47ec746ddc9a\spring-beans-6.1.11.jar;C:\Users\GREEN\.gradle\caches\modules-2\files-2.1\org.springframework\spring-expression\6.1.11\7c12cf1cd39289cfab7c5933eda9e4704a7f2799\spring-expression-6.1.11.jar;C:\Users\GREEN\.gradle\caches\modules-2\files-2.1\org.springframework\spring-core\6.1.11\90fce4311852c68c1e87c65adf60db9add1a6dcb\spring-core-6.1.11.jar;C:\Users\GREEN\.gradle\caches\modules-2\files-2.1\io.micrometer\micrometer-observation\1.13.2\a498ee0871596f41a61679a29bc8390defba4245\micrometer-observation-1.13.2.jar;C:\Users\GREEN\.gradle\caches\modules-2\files-2.1\jakarta.annotation\jakarta.annotation-api\2.1.1\48b9bda22b091b1f48b13af03fe36db3be6e1ae3\jakarta.annotation-api-2.1.1.jar;C:\Users\GREEN\.gradle\caches\modules-2\files-2.1\org.yaml\snakeyaml\2.2\3af797a25458550a16bf89acc8e4ab2b7f2bfce0\snakeyaml-2.2.jar;C:\Users\GREEN\.gradle\caches\modules-2\files-2.1\com.fasterxml.jackson.datatype\jackson-datatype-jsr310\2.17.2\267b85e9ba2892a37be6d80aa9ca1438a0d8c210\jackson-datatype-jsr310-2.17.2.jar;C:\Users\GREEN\.gradle\caches\modules-2\files-2.1\com.fasterxml.jackson.module\jackson-module-parameter-names\2.17.2\d27b9f95ccce98984c1ba58d61c5a9c072b1ad95\jackson-module-parameter-names-2.17.2.jar;C:\Users\GREEN\.gradle\caches\modules-2\files-2.1\com.fasterxml.jackson.core\jackson-annotations\2.17.2\147b7b9412ffff24339f8aba080b292448e08698\jackson-annotations-2.17.2.jar;C:\Users\GREEN\.gradle\caches\modules-2\files-2.1\com.fasterxml.jackson.core\jackson-core\2.17.2\969a35cb35c86512acbadcdbbbfb044c877db814\jackson-core-2.17.2.jar;C:\Users\GREEN\.gradle\caches\modules-2\files-2.1\com.fasterxml.jackson.datatype\jackson-datatype-jdk8\2.17.2\efd3dd0e1d0db8bc72abbe71c15e697bb83b4b45\jackson-datatype-jdk8-2.17.2.jar;C:\Users\GREEN\.gradle\caches\modules-2\files-2.1\com.fasterxml.jackson.core\jackson-databind\2.17.2\e6deb029e5901e027c129341fac39e515066b68c\jackson-databind-2.17.2.jar;C:\Users\GREEN\.gradle\caches\modules-2\files-2.1\org.apache.tomcat.embed\tomcat-embed-websocket\10.1.26\3b147d7e5566e9361e86422f9e49fdd56a429637\tomcat-embed-websocket-10.1.26.jar;C:\Users\GREEN\.gradle\caches\modules-2\files-2.1\org.apache.tomcat.embed\tomcat-embed-core\10.1.26\5e0fa06ca373ef0ca55e603291ea51b590c377ea\tomcat-embed-core-10.1.26.jar;C:\Users\GREEN\.gradle\caches\modules-2\files-2.1\org.aspectj\aspectjweaver\1.9.22.1\bca243d0af0db4758fbae45c5f4995cb5dabb612\aspectjweaver-1.9.22.1.jar;C:\Users\GREEN\.gradle\caches\modules-2\files-2.1\jakarta.persistence\jakarta.persistence-api\3.1.0\66901fa1c373c6aff65c13791cc11da72060a8d6\jakarta.persistence-api-3.1.0.jar;C:\Users\GREEN\.gradle\caches\modules-2\files-2.1\jakarta.transaction\jakarta.transaction-api\2.0.1\51a520e3fae406abb84e2e1148e6746ce3f80a1a\jakarta.transaction-api-2.0.1.jar;C:\Users\GREEN\.gradle\caches\modules-2\files-2.1\org.antlr\antlr4-runtime\4.13.0\5a02e48521624faaf5ff4d99afc88b01686af655\antlr4-runtime-4.13.0.jar;C:\Users\GREEN\.gradle\caches\modules-2\files-2.1\jakarta.validation\jakarta.validation-api\3.0.2\92b6631659ba35ca09e44874d3eb936edfeee532\jakarta.validation-api-3.0.2.jar;C:\Users\GREEN\.gradle\caches\modules-2\files-2.1\org.jboss.logging\jboss-logging\3.5.3.Final\c88fc1d8a96d4c3491f55d4317458ccad53ca663\jboss-logging-3.5.3.Final.jar;C:\Users\GREEN\.gradle\caches\modules-2\files-2.1\com.fasterxml\classmate\1.7.0\e98374da1f2143ac8e6e0a95036994bb19137a3\classmate-1.7.0.jar;C:\Users\GREEN\.gradle\caches\modules-2\files-2.1\org.springframework\spring-jcl\6.1.11\97b34c6b72c8084759e71cd09a7dad16bfb8f1da\spring-jcl-6.1.11.jar;C:\Users\GREEN\.gradle\caches\modules-2\files-2.1\io.micrometer\micrometer-commons\1.13.2\b2b69f7887f9bf6f5ae42e86a67a62367056aa3c\micrometer-commons-1.13.2.jar;C:\Users\GREEN\.gradle\caches\modules-2\files-2.1\org.attoparser\attoparser\2.0.7.RELEASE\e5d0e988d9124139d645bb5872b24dfa23e283cc\attoparser-2.0.7.RELEASE.jar;C:\Users\GREEN\.gradle\caches\modules-2\files-2.1\org.unbescape\unbescape\1.1.6.RELEASE\7b90360afb2b860e09e8347112800d12c12b2a13\unbescape-1.1.6.RELEASE.jar;C:\Users\GREEN\.gradle\caches\modules-2\files-2.1\ch.qos.logback\logback-core\1.5.6\41cbe874701200c5624c19e0ab50d1b88dfcc77d\logback-core-1.5.6.jar;C:\Users\GREEN\.gradle\caches\modules-2\files-2.1\org.apache.logging.log4j\log4j-api\2.23.1\9c15c29c526d9c6783049c0a77722693c66706e1\log4j-api-2.23.1.jar;C:\Users\GREEN\.gradle\caches\modules-2\files-2.1\com.h2database\h2\2.2.224\7bdade27d8cd197d9b5ce9dc251f41d2edc5f7ad\h2-2.2.224.jar;C:\Users\GREEN\.gradle\caches\modules-2\files-2.1\nz.net.ultraq.groovy\groovy-extensions\2.1.0\c869dc033867e8861957ff3ff4e1ce0a00260e3a\groovy-extensions-2.1.0.jar;C:\Users\GREEN\.gradle\caches\modules-2\files-2.1\nz.net.ultraq.thymeleaf\thymeleaf-expression-processor\3.2.0\566d36d35ba24120e8cef0d55869868e042785cf\thymeleaf-expression-processor-3.2.0.jar;C:\Users\GREEN\.gradle\caches\modules-2\files-2.1\org.hibernate.common\hibernate-commons-annotations\6.0.6.Final\77a5f94b56d49508e0ee334751db5b78e5ccd50c\hibernate-commons-annotations-6.0.6.Final.jar;C:\Users\GREEN\.gradle\caches\modules-2\files-2.1\io.smallrye\jandex\3.1.2\a6c1c89925c7df06242b03dddb353116ceb9584c\jandex-3.1.2.jar;C:\Users\GREEN\.gradle\caches\modules-2\files-2.1\net.bytebuddy\byte-buddy\1.14.18\81e9b9a20944626e6757b5950676af901c2485\byte-buddy-1.14.18.jar;C:\Users\GREEN\.gradle\caches\modules-2\files-2.1\org.glassfish.jaxb\jaxb-runtime\4.0.5\ca84c2a7169b5293e232b9d00d1e4e36d4c3914a\jaxb-runtime-4.0.5.jar;C:\Users\GREEN\.gradle\caches\modules-2\files-2.1\org.glassfish.jaxb\jaxb-core\4.0.5\7b4b11ea5542eea4ad55e1080b23be436795b3\jaxb-core-4.0.5.jar;C:\Users\GREEN\.gradle\caches\modules-2\files-2.1\jakarta.xml.bind\jakarta.xml.bind-api\4.0.2\6cd5a999b834b63238005b7144136379dc36cad2\jakarta.xml.bind-api-4.0.2.jar;C:\Users\GREEN\.gradle\caches\modules-2\files-2.1\jakarta.inject\jakarta.inject-api\2.0.1\4c28afe1991a941d7702fe1362c365f0a8641d1e\jakarta.inject-api-2.0.1.jar;C:\Users\GREEN\.gradle\caches\modules-2\files-2.1\ognl\ognl\3.3.4\1904789bdd96f226ad252a02f230be1015f4462b\ognl-3.3.4.jar;C:\Users\GREEN\.gradle\caches\modules-2\files-2.1\org.eclipse.angus\angus-activation\2.0.2\41f1e0ddd157c856926ed149ab837d110955a9fc\angus-activation-2.0.2.jar;C:\Users\GREEN\.gradle\caches\modules-2\files-2.1\jakarta.activation\jakarta.activation-api\2.1.3\fa165bd70cda600368eee31555222776a46b881f\jakarta.activation-api-2.1.3.jar;C:\Users\GREEN\.gradle\caches\modules-2\files-2.1\org.javassist\javassist\3.29.0-GA\d3959fa7e00bf04dbe519228a23213d2afb625d8\javassist-3.29.0-GA.jar;C:\Users\GREEN\.gradle\caches\modules-2\files-2.1\org.glassfish.jaxb\txw2\4.0.5\f36a4ef12120a9bb06d766d6a0e54b144fd7ed98\txw2-4.0.5.jar;C:\Users\GREEN\.gradle\caches\modules-2\files-2.1\com.sun.istack\istack-commons-runtime\4.1.2\18ec117c85f3ba0ac65409136afa8e42bc74e739\istack-commons-runtime-4.1.2.jar
Launcher Type: SUN_STANDARD

[Global flags]
     intx CICompilerCount                          = 4                                         {product} {ergonomic}
     uint ConcGCThreads                            = 3                                         {product} {ergonomic}
     uint G1ConcRefinementThreads                  = 10                                        {product} {ergonomic}
   size_t G1HeapRegionSize                         = 2097152                                   {product} {ergonomic}
    uintx GCDrainStackTargetSize                   = 64                                        {product} {ergonomic}
   size_t InitialHeapSize                          = 268435456                                 {product} {ergonomic}
     bool ManagementServer                         = true                                      {product} {command line}
   size_t MarkStackSize                            = 4194304                                   {product} {ergonomic}
   size_t MaxHeapSize                              = 4273995776                                {product} {ergonomic}
   size_t MaxNewSize                               = 2562719744                                {product} {ergonomic}
   size_t MinHeapDeltaBytes                        = 2097152                                   {product} {ergonomic}
   size_t MinHeapSize                              = 8388608                                   {product} {ergonomic}
    uintx NonNMethodCodeHeapSize                   = 4096                                   {pd product} {ergonomic}
    uintx NonProfiledCodeHeapSize                  = 0                                      {pd product} {ergonomic}
     bool ProfileInterpreter                       = false                                  {pd product} {command line}
    uintx ProfiledCodeHeapSize                     = 0                                      {pd product} {ergonomic}
     bool ShowCodeDetailsInExceptionMessages       = true                                   {manageable} {command line}
   size_t SoftMaxHeapSize                          = 4273995776                             {manageable} {ergonomic}
     intx TieredStopAtLevel                        = 1                                         {product} {command line}
     bool UseCompressedOops                        = true                           {product lp64_product} {ergonomic}
     bool UseG1GC                                  = true                                      {product} {ergonomic}
     bool UseLargePagesIndividualAllocation        = false                                  {pd product} {ergonomic}

Logging:
Log output configuration:
 #0: stdout all=warning uptime,level,tags foldmultilines=false
 #1: stderr all=off uptime,level,tags foldmultilines=false

Environment Variables:
PATH=C:\Users\GREEN\Downloads\sts-4.24.0.RELEASE\plugins\org.eclipse.justj.openjdk.hotspot.jre.full.win32.x86_64_21.0.3.v20240426-1530\jre\bin;C:/Users/GREEN/Downloads/sts-4.24.0.RELEASE//plugins/org.eclipse.justj.openjdk.hotspot.jre.full.win32.x86_64_21.0.3.v20240426-1530/jre/bin/server;C:/Users/GREEN/Downloads/sts-4.24.0.RELEASE//plugins/org.eclipse.justj.openjdk.hotspot.jre.full.win32.x86_64_21.0.3.v20240426-1530/jre/bin;C:\app\GREEN\product\18.0.0\dbhomeXE\bin;C:\Program Files\Common Files\Oracle\Java\javapath;C:\Program Files (x86)\Common Files\Intel\Shared Libraries\redist\intel64\compiler;C:\Program Files (x86)\Common Files\Oracle\Java\javapath;C:\Windows\system32;C:\Windows;C:\Windows\System32\Wbem;C:\Windows\System32\WindowsPowerShell\v1.0\;C:\Windows\System32\OpenSSH\;C:\Program Files\Common Files\Autodesk Shared\;C:\Program Files\Microsoft SQL Server\120\Tools\Binn\;C:\Program Files\dotnet\;C:\Program Files\nodejs\;C:\Program Files\nodejs\;C:\Users\GREEN\AppData\Local\Programs\Microsoft VS Code\bin;C:\Users\GREEN\Downloads\sts-4.24.0.RELEASE;
USERNAME=GREEN
OS=Windows_NT
PROCESSOR_IDENTIFIER=Intel64 Family 6 Model 165 Stepping 3, GenuineIntel
TMP=C:\Users\GREEN\AppData\Local\Temp
TEMP=C:\Users\GREEN\AppData\Local\Temp




Periodic native trim disabled

---------------  S Y S T E M  ---------------

OS:
 Windows 10 , 64 bit Build 19041 (10.0.19041.4597)
OS uptime: 0 days 5:24 hours

CPU: total 12 (initial active 12) (6 cores per cpu, 2 threads per core) family 6 model 165 stepping 3 microcode 0xe0, cx8, cmov, fxsr, ht, mmx, 3dnowpref, sse, sse2, sse3, ssse3, sse4.1, sse4.2, popcnt, lzcnt, tsc, tscinvbit, avx, avx2, aes, erms, clmul, bmi1, bmi2, adx, fma, vzeroupper, clflush, clflushopt, rdtscp, f16c
Processor Information for all 12 processors :
  Max Mhz: 2904, Current Mhz: 2904, Mhz Limit: 2904

Memory: 4k page, system-wide physical 16301M (7385M free)
TotalPageFile size 18733M (AvailPageFile size 5684M)
current process WorkingSet (physical memory assigned to process): 287M, peak: 301M
current process commit charge ("private bytes"): 326M, peak: 369M

vm_info: OpenJDK 64-Bit Server VM (21.0.3+9-LTS) for windows-amd64 JRE (21.0.3+9-LTS), built on 2024-04-16T00:00:00Z by "admin" with MS VC++ 17.7 (VS2022)

END.
